{"/Users/jimdebeer/Desktop/brisky/brisky-render/dist/index.js":{"path":"/Users/jimdebeer/Desktop/brisky/brisky-render/dist/index.js","statementMap":{"0":{"start":{"line":3,"column":0},"end":{"line":3,"column":62}},"1":{"start":{"line":5,"column":32},"end":{"line":5,"column":112}},"2":{"start":{"line":7,"column":19},"end":{"line":7,"column":43}},"3":{"start":{"line":8,"column":11},"end":{"line":8,"column":50}},"4":{"start":{"line":9,"column":29},"end":{"line":9,"column":64}},"5":{"start":{"line":10,"column":13},"end":{"line":10,"column":53}},"6":{"start":{"line":11,"column":9},"end":{"line":11,"column":56}},"7":{"start":{"line":12,"column":21},"end":{"line":12,"column":64}},"8":{"start":{"line":13,"column":16},"end":{"line":13,"column":53}},"9":{"start":{"line":15,"column":14},"end":{"line":15,"column":16}},"10":{"start":{"line":17,"column":16},"end":{"line":22,"column":1}},"11":{"start":{"line":18,"column":10},"end":{"line":18,"column":11}},"12":{"start":{"line":19,"column":14},"end":{"line":19,"column":25}},"13":{"start":{"line":20,"column":2},"end":{"line":20,"column":40}},"14":{"start":{"line":21,"column":2},"end":{"line":21,"column":10}},"15":{"start":{"line":24,"column":17},"end":{"line":24,"column":93}},"16":{"start":{"line":24,"column":22},"end":{"line":24,"column":93}},"17":{"start":{"line":28,"column":12},"end":{"line":28,"column":55}},"18":{"start":{"line":28,"column":17},"end":{"line":28,"column":55}},"19":{"start":{"line":30,"column":13},"end":{"line":30,"column":71}},"20":{"start":{"line":30,"column":18},"end":{"line":30,"column":71}},"21":{"start":{"line":32,"column":16},"end":{"line":32,"column":83}},"22":{"start":{"line":32,"column":21},"end":{"line":32,"column":83}},"23":{"start":{"line":34,"column":19},"end":{"line":34,"column":95}},"24":{"start":{"line":34,"column":24},"end":{"line":34,"column":95}},"25":{"start":{"line":36,"column":16},"end":{"line":36,"column":76}},"26":{"start":{"line":36,"column":21},"end":{"line":36,"column":76}},"27":{"start":{"line":38,"column":15},"end":{"line":58,"column":1}},"28":{"start":{"line":39,"column":2},"end":{"line":56,"column":3}},"29":{"start":{"line":40,"column":4},"end":{"line":50,"column":5}},"30":{"start":{"line":41,"column":20},"end":{"line":41,"column":30}},"31":{"start":{"line":42,"column":18},"end":{"line":42,"column":23}},"32":{"start":{"line":43,"column":6},"end":{"line":49,"column":7}},"33":{"start":{"line":44,"column":8},"end":{"line":47,"column":9}},"34":{"start":{"line":45,"column":10},"end":{"line":45,"column":67}},"35":{"start":{"line":46,"column":10},"end":{"line":46,"column":35}},"36":{"start":{"line":48,"column":8},"end":{"line":48,"column":25}},"37":{"start":{"line":51,"column":4},"end":{"line":53,"column":5}},"38":{"start":{"line":52,"column":6},"end":{"line":52,"column":37}},"39":{"start":{"line":54,"column":9},"end":{"line":56,"column":3}},"40":{"start":{"line":55,"column":4},"end":{"line":55,"column":16}},"41":{"start":{"line":57,"column":2},"end":{"line":57,"column":67}},"42":{"start":{"line":60,"column":19},"end":{"line":63,"column":1}},"43":{"start":{"line":61,"column":15},"end":{"line":61,"column":54}},"44":{"start":{"line":62,"column":2},"end":{"line":62,"column":38}},"45":{"start":{"line":65,"column":17},"end":{"line":66,"column":36}},"46":{"start":{"line":65,"column":29},"end":{"line":66,"column":36}},"47":{"start":{"line":68,"column":13},"end":{"line":85,"column":1}},"48":{"start":{"line":69,"column":12},"end":{"line":69,"column":18}},"49":{"start":{"line":70,"column":2},"end":{"line":84,"column":3}},"50":{"start":{"line":71,"column":4},"end":{"line":83,"column":5}},"51":{"start":{"line":72,"column":23},"end":{"line":72,"column":30}},"52":{"start":{"line":73,"column":6},"end":{"line":77,"column":7}},"53":{"start":{"line":74,"column":8},"end":{"line":76,"column":9}},"54":{"start":{"line":75,"column":10},"end":{"line":75,"column":108}},"55":{"start":{"line":78,"column":11},"end":{"line":83,"column":5}},"56":{"start":{"line":79,"column":23},"end":{"line":79,"column":30}},"57":{"start":{"line":80,"column":6},"end":{"line":82,"column":7}},"58":{"start":{"line":81,"column":8},"end":{"line":81,"column":106}},"59":{"start":{"line":87,"column":17},"end":{"line":129,"column":1}},"60":{"start":{"line":88,"column":19},"end":{"line":88,"column":30}},"61":{"start":{"line":89,"column":2},"end":{"line":128,"column":3}},"62":{"start":{"line":90,"column":18},"end":{"line":90,"column":33}},"63":{"start":{"line":91,"column":17},"end":{"line":91,"column":34}},"64":{"start":{"line":93,"column":4},"end":{"line":123,"column":5}},"65":{"start":{"line":94,"column":6},"end":{"line":122,"column":7}},"66":{"start":{"line":95,"column":8},"end":{"line":95,"column":46}},"67":{"start":{"line":95,"column":23},"end":{"line":95,"column":44}},"68":{"start":{"line":96,"column":21},"end":{"line":96,"column":37}},"69":{"start":{"line":97,"column":18},"end":{"line":97,"column":29}},"70":{"start":{"line":98,"column":8},"end":{"line":121,"column":9}},"71":{"start":{"line":99,"column":10},"end":{"line":120,"column":11}},"72":{"start":{"line":100,"column":26},"end":{"line":100,"column":36}},"73":{"start":{"line":101,"column":24},"end":{"line":101,"column":25}},"74":{"start":{"line":102,"column":12},"end":{"line":113,"column":13}},"75":{"start":{"line":103,"column":26},"end":{"line":103,"column":33}},"76":{"start":{"line":104,"column":14},"end":{"line":104,"column":23}},"77":{"start":{"line":105,"column":14},"end":{"line":112,"column":15}},"78":{"start":{"line":106,"column":16},"end":{"line":106,"column":32}},"79":{"start":{"line":107,"column":21},"end":{"line":112,"column":15}},"80":{"start":{"line":108,"column":16},"end":{"line":108,"column":27}},"81":{"start":{"line":110,"column":16},"end":{"line":110,"column":30}},"82":{"start":{"line":111,"column":16},"end":{"line":111,"column":21}},"83":{"start":{"line":114,"column":12},"end":{"line":119,"column":13}},"84":{"start":{"line":115,"column":14},"end":{"line":115,"column":47}},"85":{"start":{"line":115,"column":31},"end":{"line":115,"column":45}},"86":{"start":{"line":116,"column":14},"end":{"line":116,"column":57}},"87":{"start":{"line":116,"column":38},"end":{"line":116,"column":55}},"88":{"start":{"line":117,"column":14},"end":{"line":117,"column":41}},"89":{"start":{"line":118,"column":14},"end":{"line":118,"column":24}},"90":{"start":{"line":124,"column":4},"end":{"line":127,"column":5}},"91":{"start":{"line":125,"column":25},"end":{"line":125,"column":40}},"92":{"start":{"line":126,"column":6},"end":{"line":126,"column":46}},"93":{"start":{"line":131,"column":15},"end":{"line":131,"column":70}},"94":{"start":{"line":131,"column":20},"end":{"line":131,"column":70}},"95":{"start":{"line":132,"column":15},"end":{"line":146,"column":1}},"96":{"start":{"line":134,"column":15},"end":{"line":134,"column":23}},"97":{"start":{"line":136,"column":2},"end":{"line":144,"column":3}},"98":{"start":{"line":137,"column":12},"end":{"line":137,"column":23}},"99":{"start":{"line":138,"column":4},"end":{"line":143,"column":5}},"100":{"start":{"line":139,"column":14},"end":{"line":139,"column":42}},"101":{"start":{"line":140,"column":6},"end":{"line":142,"column":7}},"102":{"start":{"line":141,"column":8},"end":{"line":141,"column":54}},"103":{"start":{"line":141,"column":37},"end":{"line":141,"column":52}},"104":{"start":{"line":145,"column":2},"end":{"line":145,"column":16}},"105":{"start":{"line":149,"column":17},"end":{"line":149,"column":37}},"106":{"start":{"line":151,"column":2},"end":{"line":156,"column":3}},"107":{"start":{"line":152,"column":4},"end":{"line":152,"column":15}},"108":{"start":{"line":155,"column":4},"end":{"line":155,"column":22}},"109":{"start":{"line":159,"column":13},"end":{"line":177,"column":1}},"110":{"start":{"line":160,"column":2},"end":{"line":168,"column":3}},"111":{"start":{"line":161,"column":4},"end":{"line":161,"column":27}},"112":{"start":{"line":161,"column":16},"end":{"line":161,"column":25}},"113":{"start":{"line":162,"column":4},"end":{"line":164,"column":5}},"114":{"start":{"line":163,"column":6},"end":{"line":163,"column":26}},"115":{"start":{"line":165,"column":4},"end":{"line":167,"column":5}},"116":{"start":{"line":166,"column":6},"end":{"line":166,"column":60}},"117":{"start":{"line":169,"column":2},"end":{"line":176,"column":3}},"118":{"start":{"line":170,"column":4},"end":{"line":170,"column":27}},"119":{"start":{"line":170,"column":16},"end":{"line":170,"column":25}},"120":{"start":{"line":171,"column":4},"end":{"line":173,"column":5}},"121":{"start":{"line":172,"column":6},"end":{"line":172,"column":26}},"122":{"start":{"line":174,"column":4},"end":{"line":174,"column":58}},"123":{"start":{"line":175,"column":4},"end":{"line":175,"column":58}},"124":{"start":{"line":179,"column":13},"end":{"line":199,"column":1}},"125":{"start":{"line":194,"column":2},"end":{"line":198,"column":3}},"126":{"start":{"line":195,"column":4},"end":{"line":197,"column":5}},"127":{"start":{"line":196,"column":6},"end":{"line":196,"column":20}},"128":{"start":{"line":202,"column":14},"end":{"line":202,"column":29}},"129":{"start":{"line":203,"column":2},"end":{"line":227,"column":3}},"130":{"start":{"line":204,"column":4},"end":{"line":204,"column":23}},"131":{"start":{"line":205,"column":4},"end":{"line":205,"column":23}},"132":{"start":{"line":206,"column":4},"end":{"line":210,"column":5}},"133":{"start":{"line":207,"column":22},"end":{"line":207,"column":29}},"134":{"start":{"line":208,"column":6},"end":{"line":208,"column":21}},"135":{"start":{"line":209,"column":6},"end":{"line":209,"column":35}},"136":{"start":{"line":212,"column":12},"end":{"line":212,"column":15}},"137":{"start":{"line":213,"column":4},"end":{"line":219,"column":5}},"138":{"start":{"line":214,"column":6},"end":{"line":214,"column":20}},"139":{"start":{"line":215,"column":6},"end":{"line":217,"column":7}},"140":{"start":{"line":216,"column":8},"end":{"line":216,"column":54}},"141":{"start":{"line":218,"column":6},"end":{"line":218,"column":17}},"142":{"start":{"line":220,"column":4},"end":{"line":220,"column":23}},"143":{"start":{"line":221,"column":4},"end":{"line":221,"column":21}},"144":{"start":{"line":222,"column":4},"end":{"line":226,"column":5}},"145":{"start":{"line":223,"column":22},"end":{"line":223,"column":29}},"146":{"start":{"line":224,"column":6},"end":{"line":224,"column":21}},"147":{"start":{"line":225,"column":6},"end":{"line":225,"column":35}},"148":{"start":{"line":228,"column":2},"end":{"line":228,"column":12}},"149":{"start":{"line":231,"column":12},"end":{"line":246,"column":1}},"150":{"start":{"line":232,"column":16},"end":{"line":232,"column":34}},"151":{"start":{"line":233,"column":2},"end":{"line":245,"column":3}},"152":{"start":{"line":234,"column":4},"end":{"line":240,"column":5}},"153":{"start":{"line":235,"column":6},"end":{"line":239,"column":7}},"154":{"start":{"line":236,"column":8},"end":{"line":236,"column":22}},"155":{"start":{"line":237,"column":8},"end":{"line":237,"column":19}},"156":{"start":{"line":238,"column":8},"end":{"line":238,"column":55}},"157":{"start":{"line":238,"column":30},"end":{"line":238,"column":53}},"158":{"start":{"line":241,"column":4},"end":{"line":241,"column":27}},"159":{"start":{"line":242,"column":4},"end":{"line":242,"column":16}},"160":{"start":{"line":244,"column":4},"end":{"line":244,"column":33}},"161":{"start":{"line":248,"column":16},"end":{"line":299,"column":1}},"162":{"start":{"line":249,"column":2},"end":{"line":298,"column":3}},"163":{"start":{"line":250,"column":4},"end":{"line":250,"column":30}},"164":{"start":{"line":250,"column":18},"end":{"line":250,"column":28}},"165":{"start":{"line":252,"column":4},"end":{"line":257,"column":5}},"166":{"start":{"line":253,"column":6},"end":{"line":255,"column":7}},"167":{"start":{"line":254,"column":8},"end":{"line":254,"column":17}},"168":{"start":{"line":256,"column":6},"end":{"line":256,"column":20}},"169":{"start":{"line":258,"column":4},"end":{"line":297,"column":5}},"170":{"start":{"line":259,"column":6},"end":{"line":296,"column":7}},"171":{"start":{"line":260,"column":8},"end":{"line":295,"column":9}},"172":{"start":{"line":261,"column":10},"end":{"line":263,"column":11}},"173":{"start":{"line":262,"column":12},"end":{"line":262,"column":25}},"174":{"start":{"line":264,"column":10},"end":{"line":271,"column":11}},"175":{"start":{"line":265,"column":12},"end":{"line":265,"column":36}},"176":{"start":{"line":266,"column":12},"end":{"line":270,"column":13}},"177":{"start":{"line":267,"column":14},"end":{"line":269,"column":15}},"178":{"start":{"line":268,"column":16},"end":{"line":268,"column":42}},"179":{"start":{"line":272,"column":15},"end":{"line":295,"column":9}},"180":{"start":{"line":273,"column":10},"end":{"line":292,"column":11}},"181":{"start":{"line":274,"column":12},"end":{"line":274,"column":35}},"182":{"start":{"line":275,"column":17},"end":{"line":292,"column":11}},"183":{"start":{"line":276,"column":12},"end":{"line":278,"column":13}},"184":{"start":{"line":277,"column":14},"end":{"line":277,"column":27}},"185":{"start":{"line":279,"column":12},"end":{"line":279,"column":24}},"186":{"start":{"line":280,"column":17},"end":{"line":292,"column":11}},"187":{"start":{"line":282,"column":12},"end":{"line":285,"column":13}},"188":{"start":{"line":284,"column":14},"end":{"line":284,"column":33}},"189":{"start":{"line":287,"column":23},"end":{"line":287,"column":27}},"190":{"start":{"line":289,"column":12},"end":{"line":289,"column":35}},"191":{"start":{"line":290,"column":12},"end":{"line":290,"column":34}},"192":{"start":{"line":291,"column":12},"end":{"line":291,"column":35}},"193":{"start":{"line":294,"column":10},"end":{"line":294,"column":27}},"194":{"start":{"line":301,"column":15},"end":{"line":313,"column":1}},"195":{"start":{"line":302,"column":12},"end":{"line":302,"column":19}},"196":{"start":{"line":303,"column":12},"end":{"line":303,"column":57}},"197":{"start":{"line":304,"column":2},"end":{"line":304,"column":24}},"198":{"start":{"line":305,"column":2},"end":{"line":311,"column":3}},"199":{"start":{"line":306,"column":14},"end":{"line":306,"column":16}},"200":{"start":{"line":307,"column":4},"end":{"line":307,"column":45}},"201":{"start":{"line":308,"column":4},"end":{"line":308,"column":35}},"202":{"start":{"line":310,"column":4},"end":{"line":310,"column":35}},"203":{"start":{"line":312,"column":2},"end":{"line":312,"column":12}},"204":{"start":{"line":315,"column":15},"end":{"line":328,"column":1}},"205":{"start":{"line":316,"column":16},"end":{"line":316,"column":31}},"206":{"start":{"line":317,"column":16},"end":{"line":317,"column":27}},"207":{"start":{"line":318,"column":15},"end":{"line":318,"column":48}},"208":{"start":{"line":319,"column":2},"end":{"line":326,"column":3}},"209":{"start":{"line":320,"column":4},"end":{"line":320,"column":24}},"210":{"start":{"line":322,"column":17},"end":{"line":322,"column":30}},"211":{"start":{"line":323,"column":4},"end":{"line":325,"column":5}},"212":{"start":{"line":324,"column":6},"end":{"line":324,"column":29}},"213":{"start":{"line":327,"column":2},"end":{"line":327,"column":15}},"214":{"start":{"line":331,"column":15},"end":{"line":331,"column":41}},"215":{"start":{"line":332,"column":16},"end":{"line":332,"column":44}},"216":{"start":{"line":333,"column":16},"end":{"line":333,"column":44}},"217":{"start":{"line":335,"column":2},"end":{"line":339,"column":3}},"218":{"start":{"line":336,"column":4},"end":{"line":336,"column":36}},"219":{"start":{"line":338,"column":4},"end":{"line":338,"column":35}},"220":{"start":{"line":340,"column":22},"end":{"line":340,"column":24}},"221":{"start":{"line":341,"column":2},"end":{"line":341,"column":37}},"222":{"start":{"line":341,"column":20},"end":{"line":341,"column":35}},"223":{"start":{"line":342,"column":2},"end":{"line":342,"column":31}},"224":{"start":{"line":347,"column":16},"end":{"line":347,"column":29}},"225":{"start":{"line":348,"column":2},"end":{"line":362,"column":3}},"226":{"start":{"line":349,"column":4},"end":{"line":349,"column":42}},"227":{"start":{"line":350,"column":4},"end":{"line":350,"column":36}},"228":{"start":{"line":351,"column":14},"end":{"line":351,"column":16}},"229":{"start":{"line":352,"column":4},"end":{"line":354,"column":5}},"230":{"start":{"line":353,"column":6},"end":{"line":353,"column":28}},"231":{"start":{"line":355,"column":4},"end":{"line":355,"column":19}},"232":{"start":{"line":356,"column":4},"end":{"line":356,"column":16}},"233":{"start":{"line":358,"column":4},"end":{"line":358,"column":24}},"234":{"start":{"line":360,"column":4},"end":{"line":360,"column":32}},"235":{"start":{"line":361,"column":4},"end":{"line":361,"column":21}},"236":{"start":{"line":364,"column":12},"end":{"line":364,"column":20}},"237":{"start":{"line":365,"column":15},"end":{"line":365,"column":19}},"238":{"start":{"line":366,"column":2},"end":{"line":366,"column":58}},"239":{"start":{"line":366,"column":34},"end":{"line":366,"column":56}},"240":{"start":{"line":367,"column":2},"end":{"line":367,"column":24}},"241":{"start":{"line":368,"column":2},"end":{"line":368,"column":28}},"242":{"start":{"line":369,"column":2},"end":{"line":369,"column":38}},"243":{"start":{"line":369,"column":21},"end":{"line":369,"column":36}},"244":{"start":{"line":371,"column":2},"end":{"line":396,"column":3}},"245":{"start":{"line":372,"column":17},"end":{"line":372,"column":23}},"246":{"start":{"line":373,"column":4},"end":{"line":395,"column":5}},"247":{"start":{"line":377,"column":19},"end":{"line":377,"column":29}},"248":{"start":{"line":378,"column":24},"end":{"line":378,"column":35}},"249":{"start":{"line":379,"column":6},"end":{"line":394,"column":7}},"250":{"start":{"line":380,"column":8},"end":{"line":380,"column":28}},"251":{"start":{"line":381,"column":8},"end":{"line":387,"column":9}},"252":{"start":{"line":382,"column":10},"end":{"line":382,"column":40}},"253":{"start":{"line":383,"column":10},"end":{"line":383,"column":37}},"254":{"start":{"line":385,"column":10},"end":{"line":385,"column":35}},"255":{"start":{"line":386,"column":10},"end":{"line":386,"column":37}},"256":{"start":{"line":388,"column":8},"end":{"line":388,"column":36}},"257":{"start":{"line":389,"column":18},"end":{"line":389,"column":46}},"258":{"start":{"line":390,"column":8},"end":{"line":390,"column":31}},"259":{"start":{"line":391,"column":8},"end":{"line":391,"column":27}},"260":{"start":{"line":392,"column":8},"end":{"line":392,"column":38}},"261":{"start":{"line":392,"column":24},"end":{"line":392,"column":36}},"262":{"start":{"line":393,"column":8},"end":{"line":393,"column":39}},"263":{"start":{"line":398,"column":2},"end":{"line":398,"column":21}},"264":{"start":{"line":400,"column":2},"end":{"line":400,"column":12}},"265":{"start":{"line":403,"column":19},"end":{"line":405,"column":40}},"266":{"start":{"line":403,"column":24},"end":{"line":405,"column":40}},"267":{"start":{"line":407,"column":14},"end":{"line":414,"column":1}},"268":{"start":{"line":408,"column":2},"end":{"line":413,"column":3}},"269":{"start":{"line":409,"column":16},"end":{"line":409,"column":30}},"270":{"start":{"line":410,"column":4},"end":{"line":410,"column":62}},"271":{"start":{"line":412,"column":4},"end":{"line":412,"column":26}},"272":{"start":{"line":416,"column":15},"end":{"line":426,"column":1}},"273":{"start":{"line":417,"column":2},"end":{"line":425,"column":3}},"274":{"start":{"line":418,"column":4},"end":{"line":422,"column":5}},"275":{"start":{"line":419,"column":6},"end":{"line":419,"column":45}},"276":{"start":{"line":421,"column":6},"end":{"line":421,"column":40}},"277":{"start":{"line":424,"column":4},"end":{"line":424,"column":18}},"278":{"start":{"line":428,"column":17},"end":{"line":457,"column":1}},"279":{"start":{"line":429,"column":12},"end":{"line":429,"column":20}},"280":{"start":{"line":430,"column":14},"end":{"line":430,"column":39}},"281":{"start":{"line":433,"column":2},"end":{"line":441,"column":3}},"282":{"start":{"line":434,"column":4},"end":{"line":434,"column":37}},"283":{"start":{"line":435,"column":4},"end":{"line":435,"column":22}},"284":{"start":{"line":436,"column":4},"end":{"line":436,"column":58}},"285":{"start":{"line":438,"column":4},"end":{"line":438,"column":19}},"286":{"start":{"line":439,"column":4},"end":{"line":439,"column":37}},"287":{"start":{"line":440,"column":4},"end":{"line":440,"column":33}},"288":{"start":{"line":442,"column":2},"end":{"line":442,"column":32}},"289":{"start":{"line":443,"column":2},"end":{"line":455,"column":3}},"290":{"start":{"line":444,"column":4},"end":{"line":446,"column":5}},"291":{"start":{"line":445,"column":6},"end":{"line":445,"column":33}},"292":{"start":{"line":448,"column":4},"end":{"line":448,"column":20}},"293":{"start":{"line":449,"column":4},"end":{"line":452,"column":5}},"294":{"start":{"line":450,"column":6},"end":{"line":450,"column":37}},"295":{"start":{"line":450,"column":22},"end":{"line":450,"column":35}},"296":{"start":{"line":451,"column":6},"end":{"line":451,"column":43}},"297":{"start":{"line":453,"column":4},"end":{"line":453,"column":35}},"298":{"start":{"line":453,"column":20},"end":{"line":453,"column":33}},"299":{"start":{"line":454,"column":4},"end":{"line":454,"column":41}},"300":{"start":{"line":456,"column":2},"end":{"line":456,"column":15}},"301":{"start":{"line":459,"column":18},"end":{"line":466,"column":1}},"302":{"start":{"line":460,"column":2},"end":{"line":465,"column":3}},"303":{"start":{"line":461,"column":4},"end":{"line":463,"column":5}},"304":{"start":{"line":462,"column":6},"end":{"line":462,"column":19}},"305":{"start":{"line":464,"column":4},"end":{"line":464,"column":29}},"306":{"start":{"line":468,"column":10},"end":{"line":543,"column":1}},"307":{"start":{"line":469,"column":16},"end":{"line":469,"column":30}},"308":{"start":{"line":470,"column":16},"end":{"line":470,"column":36}},"309":{"start":{"line":472,"column":12},"end":{"line":472,"column":19}},"310":{"start":{"line":474,"column":2},"end":{"line":474,"column":24}},"311":{"start":{"line":475,"column":2},"end":{"line":478,"column":3}},"312":{"start":{"line":476,"column":4},"end":{"line":476,"column":22}},"313":{"start":{"line":477,"column":4},"end":{"line":477,"column":27}},"314":{"start":{"line":480,"column":12},"end":{"line":480,"column":18}},"315":{"start":{"line":481,"column":13},"end":{"line":481,"column":23}},"316":{"start":{"line":484,"column":2},"end":{"line":492,"column":3}},"317":{"start":{"line":485,"column":4},"end":{"line":485,"column":53}},"318":{"start":{"line":486,"column":9},"end":{"line":492,"column":3}},"319":{"start":{"line":487,"column":4},"end":{"line":487,"column":37}},"320":{"start":{"line":488,"column":4},"end":{"line":488,"column":20}},"321":{"start":{"line":489,"column":4},"end":{"line":489,"column":53}},"322":{"start":{"line":491,"column":4},"end":{"line":491,"column":17}},"323":{"start":{"line":494,"column":2},"end":{"line":533,"column":3}},"324":{"start":{"line":495,"column":17},"end":{"line":495,"column":31}},"325":{"start":{"line":496,"column":16},"end":{"line":496,"column":26}},"326":{"start":{"line":497,"column":15},"end":{"line":497,"column":18}},"327":{"start":{"line":499,"column":4},"end":{"line":499,"column":55}},"328":{"start":{"line":501,"column":4},"end":{"line":503,"column":5}},"329":{"start":{"line":502,"column":6},"end":{"line":502,"column":28}},"330":{"start":{"line":505,"column":4},"end":{"line":509,"column":5}},"331":{"start":{"line":506,"column":6},"end":{"line":508,"column":7}},"332":{"start":{"line":507,"column":8},"end":{"line":507,"column":35}},"333":{"start":{"line":513,"column":4},"end":{"line":513,"column":35}},"334":{"start":{"line":515,"column":4},"end":{"line":519,"column":5}},"335":{"start":{"line":516,"column":6},"end":{"line":516,"column":54}},"336":{"start":{"line":518,"column":6},"end":{"line":518,"column":41}},"337":{"start":{"line":521,"column":4},"end":{"line":525,"column":5}},"338":{"start":{"line":522,"column":6},"end":{"line":524,"column":7}},"339":{"start":{"line":523,"column":8},"end":{"line":523,"column":35}},"340":{"start":{"line":527,"column":4},"end":{"line":529,"column":5}},"341":{"start":{"line":528,"column":6},"end":{"line":528,"column":28}},"342":{"start":{"line":535,"column":2},"end":{"line":535,"column":19}},"343":{"start":{"line":536,"column":2},"end":{"line":536,"column":26}},"344":{"start":{"line":538,"column":2},"end":{"line":540,"column":3}},"345":{"start":{"line":539,"column":4},"end":{"line":539,"column":32}},"346":{"start":{"line":542,"column":2},"end":{"line":542,"column":12}},"347":{"start":{"line":545,"column":14},"end":{"line":561,"column":1}},"348":{"start":{"line":546,"column":2},"end":{"line":548,"column":3}},"349":{"start":{"line":547,"column":4},"end":{"line":547,"column":35}},"350":{"start":{"line":549,"column":2},"end":{"line":560,"column":3}},"351":{"start":{"line":550,"column":4},"end":{"line":552,"column":5}},"352":{"start":{"line":551,"column":6},"end":{"line":551,"column":26}},"353":{"start":{"line":553,"column":9},"end":{"line":560,"column":3}},"354":{"start":{"line":554,"column":4},"end":{"line":554,"column":24}},"355":{"start":{"line":555,"column":4},"end":{"line":557,"column":5}},"356":{"start":{"line":556,"column":6},"end":{"line":556,"column":31}},"357":{"start":{"line":559,"column":4},"end":{"line":559,"column":21}},"358":{"start":{"line":563,"column":19},"end":{"line":590,"column":1}},"359":{"start":{"line":564,"column":2},"end":{"line":589,"column":3}},"360":{"start":{"line":565,"column":12},"end":{"line":565,"column":21}},"361":{"start":{"line":566,"column":4},"end":{"line":588,"column":5}},"362":{"start":{"line":567,"column":6},"end":{"line":567,"column":23}},"363":{"start":{"line":569,"column":17},"end":{"line":569,"column":25}},"364":{"start":{"line":570,"column":6},"end":{"line":572,"column":7}},"365":{"start":{"line":571,"column":8},"end":{"line":571,"column":35}},"366":{"start":{"line":573,"column":6},"end":{"line":587,"column":7}},"367":{"start":{"line":574,"column":8},"end":{"line":580,"column":9}},"368":{"start":{"line":575,"column":10},"end":{"line":579,"column":11}},"369":{"start":{"line":576,"column":12},"end":{"line":576,"column":24}},"370":{"start":{"line":577,"column":17},"end":{"line":579,"column":11}},"371":{"start":{"line":578,"column":12},"end":{"line":578,"column":24}},"372":{"start":{"line":582,"column":8},"end":{"line":586,"column":9}},"373":{"start":{"line":583,"column":10},"end":{"line":583,"column":21}},"374":{"start":{"line":585,"column":10},"end":{"line":585,"column":38}},"375":{"start":{"line":592,"column":13},"end":{"line":604,"column":1}},"376":{"start":{"line":593,"column":14},"end":{"line":593,"column":24}},"377":{"start":{"line":594,"column":15},"end":{"line":594,"column":22}},"378":{"start":{"line":595,"column":15},"end":{"line":595,"column":36}},"379":{"start":{"line":596,"column":2},"end":{"line":600,"column":3}},"380":{"start":{"line":597,"column":4},"end":{"line":597,"column":44}},"381":{"start":{"line":599,"column":4},"end":{"line":599,"column":24}},"382":{"start":{"line":601,"column":2},"end":{"line":601,"column":19}},"383":{"start":{"line":602,"column":2},"end":{"line":602,"column":27}},"384":{"start":{"line":603,"column":2},"end":{"line":603,"column":12}},"385":{"start":{"line":608,"column":10},"end":{"line":641,"column":1}},"386":{"start":{"line":612,"column":16},"end":{"line":612,"column":26}},"387":{"start":{"line":613,"column":6},"end":{"line":615,"column":7}},"388":{"start":{"line":614,"column":8},"end":{"line":614,"column":69}},"389":{"start":{"line":616,"column":6},"end":{"line":616,"column":27}},"390":{"start":{"line":617,"column":6},"end":{"line":636,"column":7}},"391":{"start":{"line":622,"column":8},"end":{"line":622,"column":75}},"392":{"start":{"line":622,"column":63},"end":{"line":622,"column":73}},"393":{"start":{"line":624,"column":8},"end":{"line":624,"column":49}},"394":{"start":{"line":624,"column":28},"end":{"line":624,"column":47}},"395":{"start":{"line":625,"column":8},"end":{"line":631,"column":9}},"396":{"start":{"line":626,"column":10},"end":{"line":626,"column":36}},"397":{"start":{"line":627,"column":15},"end":{"line":631,"column":9}},"398":{"start":{"line":628,"column":10},"end":{"line":628,"column":31}},"399":{"start":{"line":630,"column":10},"end":{"line":630,"column":34}},"400":{"start":{"line":633,"column":13},"end":{"line":636,"column":7}},"401":{"start":{"line":634,"column":8},"end":{"line":634,"column":35}},"402":{"start":{"line":635,"column":8},"end":{"line":635,"column":49}},"403":{"start":{"line":635,"column":28},"end":{"line":635,"column":47}},"404":{"start":{"line":638,"column":6},"end":{"line":638,"column":24}},"405":{"start":{"line":643,"column":19},"end":{"line":643,"column":21}},"406":{"start":{"line":645,"column":0},"end":{"line":687,"column":2}},"407":{"start":{"line":647,"column":4},"end":{"line":651,"column":5}},"408":{"start":{"line":648,"column":6},"end":{"line":648,"column":25}},"409":{"start":{"line":649,"column":11},"end":{"line":651,"column":5}},"410":{"start":{"line":650,"column":6},"end":{"line":650,"column":27}},"411":{"start":{"line":652,"column":4},"end":{"line":670,"column":5}},"412":{"start":{"line":653,"column":19},"end":{"line":653,"column":29}},"413":{"start":{"line":654,"column":19},"end":{"line":654,"column":34}},"414":{"start":{"line":655,"column":6},"end":{"line":666,"column":7}},"415":{"start":{"line":656,"column":8},"end":{"line":658,"column":9}},"416":{"start":{"line":657,"column":10},"end":{"line":657,"column":24}},"417":{"start":{"line":659,"column":8},"end":{"line":659,"column":17}},"418":{"start":{"line":660,"column":13},"end":{"line":666,"column":7}},"419":{"start":{"line":661,"column":8},"end":{"line":661,"column":22}},"420":{"start":{"line":662,"column":13},"end":{"line":666,"column":7}},"421":{"start":{"line":663,"column":8},"end":{"line":663,"column":55}},"422":{"start":{"line":663,"column":30},"end":{"line":663,"column":53}},"423":{"start":{"line":664,"column":13},"end":{"line":666,"column":7}},"424":{"start":{"line":665,"column":8},"end":{"line":665,"column":25}},"425":{"start":{"line":667,"column":6},"end":{"line":667,"column":26}},"426":{"start":{"line":669,"column":6},"end":{"line":669,"column":24}},"427":{"start":{"line":671,"column":4},"end":{"line":671,"column":14}},"428":{"start":{"line":672,"column":4},"end":{"line":672,"column":15}},"429":{"start":{"line":681,"column":4},"end":{"line":685,"column":7}},"430":{"start":{"line":688,"column":0},"end":{"line":688,"column":32}},"431":{"start":{"line":689,"column":0},"end":{"line":689,"column":24}},"432":{"start":{"line":691,"column":21},"end":{"line":691,"column":23}},"433":{"start":{"line":693,"column":0},"end":{"line":725,"column":2}},"434":{"start":{"line":695,"column":4},"end":{"line":723,"column":5}},"435":{"start":{"line":696,"column":6},"end":{"line":722,"column":7}},"436":{"start":{"line":697,"column":8},"end":{"line":697,"column":51}},"437":{"start":{"line":699,"column":8},"end":{"line":718,"column":9}},"438":{"start":{"line":700,"column":22},"end":{"line":700,"column":51}},"439":{"start":{"line":701,"column":10},"end":{"line":717,"column":11}},"440":{"start":{"line":702,"column":25},"end":{"line":702,"column":38}},"441":{"start":{"line":703,"column":12},"end":{"line":716,"column":13}},"442":{"start":{"line":704,"column":26},"end":{"line":704,"column":37}},"443":{"start":{"line":705,"column":14},"end":{"line":715,"column":15}},"444":{"start":{"line":706,"column":16},"end":{"line":714,"column":17}},"445":{"start":{"line":707,"column":18},"end":{"line":713,"column":19}},"446":{"start":{"line":708,"column":20},"end":{"line":712,"column":21}},"447":{"start":{"line":709,"column":22},"end":{"line":709,"column":118}},"448":{"start":{"line":711,"column":22},"end":{"line":711,"column":34}},"449":{"start":{"line":719,"column":8},"end":{"line":721,"column":9}},"450":{"start":{"line":720,"column":10},"end":{"line":720,"column":50}},"451":{"start":{"line":727,"column":17},"end":{"line":729,"column":38}},"452":{"start":{"line":727,"column":22},"end":{"line":729,"column":38}},"453":{"start":{"line":731,"column":20},"end":{"line":732,"column":62}},"454":{"start":{"line":731,"column":25},"end":{"line":732,"column":62}},"455":{"start":{"line":732,"column":33},"end":{"line":732,"column":60}},"456":{"start":{"line":734,"column":23},"end":{"line":735,"column":64}},"457":{"start":{"line":734,"column":28},"end":{"line":735,"column":64}},"458":{"start":{"line":735,"column":36},"end":{"line":735,"column":62}},"459":{"start":{"line":737,"column":17},"end":{"line":743,"column":1}},"460":{"start":{"line":738,"column":16},"end":{"line":738,"column":30}},"461":{"start":{"line":739,"column":2},"end":{"line":741,"column":3}},"462":{"start":{"line":740,"column":4},"end":{"line":740,"column":49}},"463":{"start":{"line":742,"column":2},"end":{"line":742,"column":14}},"464":{"start":{"line":745,"column":18},"end":{"line":751,"column":1}},"465":{"start":{"line":746,"column":19},"end":{"line":746,"column":36}},"466":{"start":{"line":747,"column":2},"end":{"line":749,"column":3}},"467":{"start":{"line":748,"column":4},"end":{"line":748,"column":48}},"468":{"start":{"line":750,"column":2},"end":{"line":750,"column":17}},"469":{"start":{"line":753,"column":15},"end":{"line":758,"column":1}},"470":{"start":{"line":754,"column":14},"end":{"line":754,"column":23}},"471":{"start":{"line":755,"column":2},"end":{"line":755,"column":25}},"472":{"start":{"line":756,"column":2},"end":{"line":756,"column":19}},"473":{"start":{"line":757,"column":2},"end":{"line":757,"column":12}},"474":{"start":{"line":760,"column":21},"end":{"line":760,"column":23}},"475":{"start":{"line":762,"column":0},"end":{"line":773,"column":2}},"476":{"start":{"line":763,"column":19},"end":{"line":763,"column":25}},"477":{"start":{"line":764,"column":2},"end":{"line":772,"column":3}},"478":{"start":{"line":765,"column":4},"end":{"line":765,"column":39}},"479":{"start":{"line":767,"column":17},"end":{"line":767,"column":49}},"480":{"start":{"line":768,"column":4},"end":{"line":768,"column":22}},"481":{"start":{"line":769,"column":4},"end":{"line":769,"column":23}},"482":{"start":{"line":770,"column":4},"end":{"line":770,"column":22}},"483":{"start":{"line":771,"column":4},"end":{"line":771,"column":15}},"484":{"start":{"line":775,"column":0},"end":{"line":781,"column":2}},"485":{"start":{"line":776,"column":19},"end":{"line":776,"column":25}},"486":{"start":{"line":777,"column":15},"end":{"line":777,"column":47}},"487":{"start":{"line":778,"column":2},"end":{"line":778,"column":20}},"488":{"start":{"line":779,"column":2},"end":{"line":779,"column":21}},"489":{"start":{"line":780,"column":2},"end":{"line":780,"column":13}},"490":{"start":{"line":783,"column":15},"end":{"line":784,"column":33}},"491":{"start":{"line":783,"column":30},"end":{"line":784,"column":33}},"492":{"start":{"line":786,"column":19},"end":{"line":791,"column":1}},"493":{"start":{"line":787,"column":2},"end":{"line":789,"column":3}},"494":{"start":{"line":788,"column":4},"end":{"line":788,"column":19}},"495":{"start":{"line":790,"column":2},"end":{"line":790,"column":13}},"496":{"start":{"line":793,"column":19},"end":{"line":793,"column":48}},"497":{"start":{"line":793,"column":27},"end":{"line":793,"column":48}},"498":{"start":{"line":795,"column":21},"end":{"line":795,"column":23}},"499":{"start":{"line":797,"column":0},"end":{"line":808,"column":2}},"500":{"start":{"line":798,"column":2},"end":{"line":801,"column":3}},"501":{"start":{"line":799,"column":4},"end":{"line":799,"column":24}},"502":{"start":{"line":800,"column":4},"end":{"line":800,"column":30}},"503":{"start":{"line":802,"column":16},"end":{"line":802,"column":39}},"504":{"start":{"line":803,"column":2},"end":{"line":806,"column":3}},"505":{"start":{"line":804,"column":4},"end":{"line":804,"column":24}},"506":{"start":{"line":805,"column":4},"end":{"line":805,"column":27}},"507":{"start":{"line":807,"column":2},"end":{"line":807,"column":29}},"508":{"start":{"line":810,"column":0},"end":{"line":831,"column":2}},"509":{"start":{"line":812,"column":2},"end":{"line":815,"column":3}},"510":{"start":{"line":813,"column":4},"end":{"line":813,"column":21}},"511":{"start":{"line":814,"column":4},"end":{"line":814,"column":30}},"512":{"start":{"line":816,"column":2},"end":{"line":830,"column":3}},"513":{"start":{"line":817,"column":17},"end":{"line":817,"column":39}},"514":{"start":{"line":818,"column":4},"end":{"line":818,"column":24}},"515":{"start":{"line":819,"column":4},"end":{"line":826,"column":5}},"516":{"start":{"line":820,"column":6},"end":{"line":820,"column":44}},"517":{"start":{"line":820,"column":22},"end":{"line":820,"column":42}},"518":{"start":{"line":821,"column":6},"end":{"line":821,"column":37}},"519":{"start":{"line":823,"column":6},"end":{"line":823,"column":26}},"520":{"start":{"line":824,"column":6},"end":{"line":824,"column":44}},"521":{"start":{"line":824,"column":22},"end":{"line":824,"column":42}},"522":{"start":{"line":825,"column":6},"end":{"line":825,"column":30}},"523":{"start":{"line":828,"column":4},"end":{"line":828,"column":42}},"524":{"start":{"line":828,"column":20},"end":{"line":828,"column":40}},"525":{"start":{"line":829,"column":4},"end":{"line":829,"column":28}},"526":{"start":{"line":834,"column":15},"end":{"line":834,"column":26}},"527":{"start":{"line":835,"column":2},"end":{"line":843,"column":3}},"528":{"start":{"line":836,"column":4},"end":{"line":842,"column":5}},"529":{"start":{"line":837,"column":6},"end":{"line":841,"column":7}},"530":{"start":{"line":838,"column":8},"end":{"line":840,"column":9}},"531":{"start":{"line":839,"column":10},"end":{"line":839,"column":21}},"532":{"start":{"line":846,"column":21},"end":{"line":846,"column":40}},"533":{"start":{"line":847,"column":20},"end":{"line":847,"column":38}},"534":{"start":{"line":848,"column":21},"end":{"line":848,"column":40}},"535":{"start":{"line":849,"column":20},"end":{"line":849,"column":38}},"536":{"start":{"line":850,"column":21},"end":{"line":850,"column":23}},"537":{"start":{"line":852,"column":0},"end":{"line":857,"column":2}},"538":{"start":{"line":853,"column":15},"end":{"line":853,"column":30}},"539":{"start":{"line":854,"column":2},"end":{"line":854,"column":31}},"540":{"start":{"line":855,"column":2},"end":{"line":855,"column":34}},"541":{"start":{"line":855,"column":21},"end":{"line":855,"column":32}},"542":{"start":{"line":856,"column":2},"end":{"line":856,"column":13}},"543":{"start":{"line":859,"column":0},"end":{"line":872,"column":2}},"544":{"start":{"line":860,"column":16},"end":{"line":860,"column":33}},"545":{"start":{"line":861,"column":15},"end":{"line":861,"column":58}},"546":{"start":{"line":862,"column":2},"end":{"line":870,"column":3}},"547":{"start":{"line":863,"column":4},"end":{"line":869,"column":5}},"548":{"start":{"line":864,"column":6},"end":{"line":864,"column":57}},"549":{"start":{"line":866,"column":6},"end":{"line":868,"column":7}},"550":{"start":{"line":867,"column":8},"end":{"line":867,"column":25}},"551":{"start":{"line":871,"column":2},"end":{"line":871,"column":13}},"552":{"start":{"line":874,"column":21},"end":{"line":874,"column":40}},"553":{"start":{"line":875,"column":20},"end":{"line":875,"column":38}},"554":{"start":{"line":878,"column":18},"end":{"line":878,"column":70}},"555":{"start":{"line":878,"column":23},"end":{"line":878,"column":70}},"556":{"start":{"line":880,"column":18},"end":{"line":881,"column":37}},"557":{"start":{"line":880,"column":23},"end":{"line":881,"column":37}},"558":{"start":{"line":883,"column":28},"end":{"line":891,"column":1}},"559":{"start":{"line":884,"column":2},"end":{"line":890,"column":3}},"560":{"start":{"line":885,"column":4},"end":{"line":889,"column":5}},"561":{"start":{"line":886,"column":6},"end":{"line":886,"column":42}},"562":{"start":{"line":888,"column":6},"end":{"line":888,"column":33}},"563":{"start":{"line":893,"column":21},"end":{"line":893,"column":23}},"564":{"start":{"line":895,"column":0},"end":{"line":898,"column":2}},"565":{"start":{"line":900,"column":0},"end":{"line":938,"column":2}},"566":{"start":{"line":903,"column":15},"end":{"line":903,"column":35}},"567":{"start":{"line":905,"column":4},"end":{"line":935,"column":5}},"568":{"start":{"line":906,"column":6},"end":{"line":932,"column":7}},"569":{"start":{"line":907,"column":8},"end":{"line":907,"column":34}},"570":{"start":{"line":908,"column":8},"end":{"line":930,"column":9}},"571":{"start":{"line":909,"column":10},"end":{"line":929,"column":11}},"572":{"start":{"line":910,"column":12},"end":{"line":912,"column":13}},"573":{"start":{"line":911,"column":14},"end":{"line":911,"column":40}},"574":{"start":{"line":913,"column":12},"end":{"line":913,"column":45}},"575":{"start":{"line":914,"column":17},"end":{"line":929,"column":11}},"576":{"start":{"line":915,"column":12},"end":{"line":924,"column":13}},"577":{"start":{"line":917,"column":14},"end":{"line":922,"column":15}},"578":{"start":{"line":918,"column":16},"end":{"line":921,"column":17}},"579":{"start":{"line":919,"column":18},"end":{"line":919,"column":37}},"580":{"start":{"line":920,"column":18},"end":{"line":920,"column":23}},"581":{"start":{"line":923,"column":14},"end":{"line":923,"column":31}},"582":{"start":{"line":925,"column":12},"end":{"line":927,"column":13}},"583":{"start":{"line":926,"column":14},"end":{"line":926,"column":40}},"584":{"start":{"line":928,"column":12},"end":{"line":928,"column":36}},"585":{"start":{"line":931,"column":8},"end":{"line":931,"column":26}},"586":{"start":{"line":933,"column":11},"end":{"line":935,"column":5}},"587":{"start":{"line":934,"column":6},"end":{"line":934,"column":65}},"588":{"start":{"line":936,"column":4},"end":{"line":936,"column":15}},"589":{"start":{"line":940,"column":23},"end":{"line":940,"column":42}},"590":{"start":{"line":941,"column":22},"end":{"line":941,"column":40}},"591":{"start":{"line":942,"column":21},"end":{"line":942,"column":23}},"592":{"start":{"line":944,"column":0},"end":{"line":976,"column":2}},"593":{"start":{"line":950,"column":8},"end":{"line":950,"column":71}},"594":{"start":{"line":953,"column":20},"end":{"line":953,"column":35}},"595":{"start":{"line":954,"column":19},"end":{"line":954,"column":29}},"596":{"start":{"line":956,"column":8},"end":{"line":972,"column":9}},"597":{"start":{"line":957,"column":10},"end":{"line":961,"column":11}},"598":{"start":{"line":958,"column":12},"end":{"line":958,"column":38}},"599":{"start":{"line":959,"column":12},"end":{"line":959,"column":61}},"600":{"start":{"line":960,"column":12},"end":{"line":960,"column":65}},"601":{"start":{"line":964,"column":10},"end":{"line":971,"column":11}},"602":{"start":{"line":965,"column":12},"end":{"line":965,"column":57}},"603":{"start":{"line":966,"column":12},"end":{"line":966,"column":51}},"604":{"start":{"line":966,"column":25},"end":{"line":966,"column":49}},"605":{"start":{"line":968,"column":12},"end":{"line":970,"column":13}},"606":{"start":{"line":969,"column":14},"end":{"line":969,"column":35}},"607":{"start":{"line":978,"column":0},"end":{"line":978,"column":48}},"608":{"start":{"line":980,"column":21},"end":{"line":980,"column":23}},"609":{"start":{"line":982,"column":0},"end":{"line":1015,"column":2}},"610":{"start":{"line":987,"column":20},"end":{"line":987,"column":31}},"611":{"start":{"line":988,"column":8},"end":{"line":988,"column":51}},"612":{"start":{"line":991,"column":21},"end":{"line":991,"column":38}},"613":{"start":{"line":992,"column":8},"end":{"line":1011,"column":9}},"614":{"start":{"line":993,"column":10},"end":{"line":999,"column":11}},"615":{"start":{"line":994,"column":26},"end":{"line":994,"column":41}},"616":{"start":{"line":995,"column":20},"end":{"line":995,"column":32}},"617":{"start":{"line":996,"column":12},"end":{"line":998,"column":13}},"618":{"start":{"line":997,"column":14},"end":{"line":997,"column":41}},"619":{"start":{"line":1001,"column":22},"end":{"line":1001,"column":37}},"620":{"start":{"line":1002,"column":10},"end":{"line":1010,"column":11}},"621":{"start":{"line":1003,"column":26},"end":{"line":1003,"column":41}},"622":{"start":{"line":1004,"column":20},"end":{"line":1004,"column":32}},"623":{"start":{"line":1005,"column":12},"end":{"line":1007,"column":13}},"624":{"start":{"line":1006,"column":14},"end":{"line":1006,"column":41}},"625":{"start":{"line":1009,"column":12},"end":{"line":1009,"column":33}},"626":{"start":{"line":1017,"column":0},"end":{"line":1021,"column":2}},"627":{"start":{"line":1023,"column":21},"end":{"line":1023,"column":23}},"628":{"start":{"line":1025,"column":0},"end":{"line":1107,"column":2}},"629":{"start":{"line":1032,"column":24},"end":{"line":1032,"column":26}},"630":{"start":{"line":1033,"column":25},"end":{"line":1033,"column":53}},"631":{"start":{"line":1034,"column":10},"end":{"line":1037,"column":11}},"632":{"start":{"line":1035,"column":12},"end":{"line":1035,"column":38}},"633":{"start":{"line":1036,"column":12},"end":{"line":1036,"column":33}},"634":{"start":{"line":1038,"column":10},"end":{"line":1038,"column":48}},"635":{"start":{"line":1041,"column":24},"end":{"line":1041,"column":35}},"636":{"start":{"line":1042,"column":10},"end":{"line":1042,"column":76}},"637":{"start":{"line":1042,"column":24},"end":{"line":1042,"column":74}},"638":{"start":{"line":1043,"column":24},"end":{"line":1043,"column":41}},"639":{"start":{"line":1044,"column":10},"end":{"line":1057,"column":11}},"640":{"start":{"line":1045,"column":27},"end":{"line":1045,"column":55}},"641":{"start":{"line":1046,"column":12},"end":{"line":1049,"column":13}},"642":{"start":{"line":1047,"column":14},"end":{"line":1047,"column":40}},"643":{"start":{"line":1048,"column":14},"end":{"line":1048,"column":35}},"644":{"start":{"line":1050,"column":12},"end":{"line":1056,"column":13}},"645":{"start":{"line":1051,"column":14},"end":{"line":1051,"column":38}},"646":{"start":{"line":1052,"column":14},"end":{"line":1055,"column":17}},"647":{"start":{"line":1053,"column":16},"end":{"line":1053,"column":40}},"648":{"start":{"line":1054,"column":16},"end":{"line":1054,"column":76}},"649":{"start":{"line":1063,"column":8},"end":{"line":1063,"column":48}},"650":{"start":{"line":1068,"column":22},"end":{"line":1068,"column":32}},"651":{"start":{"line":1069,"column":12},"end":{"line":1080,"column":13}},"652":{"start":{"line":1070,"column":27},"end":{"line":1070,"column":35}},"653":{"start":{"line":1072,"column":14},"end":{"line":1075,"column":15}},"654":{"start":{"line":1074,"column":16},"end":{"line":1074,"column":25}},"655":{"start":{"line":1076,"column":14},"end":{"line":1079,"column":15}},"656":{"start":{"line":1077,"column":16},"end":{"line":1077,"column":25}},"657":{"start":{"line":1078,"column":16},"end":{"line":1078,"column":31}},"658":{"start":{"line":1081,"column":22},"end":{"line":1081,"column":45}},"659":{"start":{"line":1082,"column":26},"end":{"line":1082,"column":47}},"660":{"start":{"line":1083,"column":12},"end":{"line":1083,"column":24}},"661":{"start":{"line":1088,"column":12},"end":{"line":1088,"column":39}},"662":{"start":{"line":1091,"column":22},"end":{"line":1091,"column":26}},"663":{"start":{"line":1092,"column":24},"end":{"line":1092,"column":29}},"664":{"start":{"line":1093,"column":26},"end":{"line":1093,"column":53}},"665":{"start":{"line":1094,"column":12},"end":{"line":1100,"column":13}},"666":{"start":{"line":1095,"column":14},"end":{"line":1097,"column":15}},"667":{"start":{"line":1096,"column":16},"end":{"line":1096,"column":36}},"668":{"start":{"line":1099,"column":14},"end":{"line":1099,"column":45}},"669":{"start":{"line":1101,"column":12},"end":{"line":1101,"column":74}},"670":{"start":{"line":1109,"column":21},"end":{"line":1109,"column":23}},"671":{"start":{"line":1111,"column":0},"end":{"line":1182,"column":2}},"672":{"start":{"line":1117,"column":22},"end":{"line":1117,"column":39}},"673":{"start":{"line":1118,"column":8},"end":{"line":1121,"column":9}},"674":{"start":{"line":1119,"column":10},"end":{"line":1119,"column":29}},"675":{"start":{"line":1120,"column":10},"end":{"line":1120,"column":42}},"676":{"start":{"line":1130,"column":24},"end":{"line":1130,"column":35}},"677":{"start":{"line":1131,"column":12},"end":{"line":1135,"column":13}},"678":{"start":{"line":1132,"column":14},"end":{"line":1132,"column":53}},"679":{"start":{"line":1134,"column":14},"end":{"line":1134,"column":55}},"680":{"start":{"line":1138,"column":26},"end":{"line":1138,"column":43}},"681":{"start":{"line":1139,"column":24},"end":{"line":1139,"column":39}},"682":{"start":{"line":1140,"column":12},"end":{"line":1157,"column":13}},"683":{"start":{"line":1141,"column":14},"end":{"line":1143,"column":15}},"684":{"start":{"line":1142,"column":16},"end":{"line":1142,"column":43}},"685":{"start":{"line":1145,"column":24},"end":{"line":1145,"column":40}},"686":{"start":{"line":1146,"column":27},"end":{"line":1146,"column":37}},"687":{"start":{"line":1147,"column":14},"end":{"line":1147,"column":57}},"688":{"start":{"line":1147,"column":40},"end":{"line":1147,"column":55}},"689":{"start":{"line":1148,"column":14},"end":{"line":1156,"column":15}},"690":{"start":{"line":1149,"column":16},"end":{"line":1151,"column":17}},"691":{"start":{"line":1150,"column":18},"end":{"line":1150,"column":45}},"692":{"start":{"line":1153,"column":16},"end":{"line":1155,"column":17}},"693":{"start":{"line":1154,"column":18},"end":{"line":1154,"column":47}},"694":{"start":{"line":1164,"column":24},"end":{"line":1164,"column":35}},"695":{"start":{"line":1165,"column":12},"end":{"line":1165,"column":30}},"696":{"start":{"line":1168,"column":26},"end":{"line":1168,"column":43}},"697":{"start":{"line":1169,"column":12},"end":{"line":1176,"column":13}},"698":{"start":{"line":1170,"column":14},"end":{"line":1170,"column":46}},"699":{"start":{"line":1170,"column":27},"end":{"line":1170,"column":44}},"700":{"start":{"line":1172,"column":26},"end":{"line":1172,"column":42}},"701":{"start":{"line":1173,"column":14},"end":{"line":1175,"column":15}},"702":{"start":{"line":1174,"column":16},"end":{"line":1174,"column":51}},"703":{"start":{"line":1184,"column":22},"end":{"line":1184,"column":24}},"704":{"start":{"line":1194,"column":0},"end":{"line":1228,"column":2}},"705":{"start":{"line":1202,"column":18},"end":{"line":1202,"column":29}},"706":{"start":{"line":1203,"column":8},"end":{"line":1208,"column":9}},"707":{"start":{"line":1204,"column":22},"end":{"line":1204,"column":57}},"708":{"start":{"line":1205,"column":10},"end":{"line":1205,"column":66}},"709":{"start":{"line":1206,"column":15},"end":{"line":1208,"column":9}},"710":{"start":{"line":1207,"column":10},"end":{"line":1207,"column":19}},"711":{"start":{"line":1209,"column":8},"end":{"line":1209,"column":66}},"712":{"start":{"line":1209,"column":37},"end":{"line":1209,"column":66}},"713":{"start":{"line":1210,"column":8},"end":{"line":1210,"column":32}},"714":{"start":{"line":1213,"column":21},"end":{"line":1213,"column":38}},"715":{"start":{"line":1214,"column":8},"end":{"line":1224,"column":9}},"716":{"start":{"line":1215,"column":20},"end":{"line":1215,"column":64}},"717":{"start":{"line":1216,"column":10},"end":{"line":1221,"column":11}},"718":{"start":{"line":1217,"column":24},"end":{"line":1217,"column":39}},"719":{"start":{"line":1218,"column":12},"end":{"line":1218,"column":68}},"720":{"start":{"line":1219,"column":17},"end":{"line":1221,"column":11}},"721":{"start":{"line":1220,"column":12},"end":{"line":1220,"column":21}},"722":{"start":{"line":1222,"column":10},"end":{"line":1222,"column":68}},"723":{"start":{"line":1222,"column":39},"end":{"line":1222,"column":68}},"724":{"start":{"line":1223,"column":10},"end":{"line":1223,"column":34}},"725":{"start":{"line":1230,"column":19},"end":{"line":1245,"column":1}},"726":{"start":{"line":1231,"column":2},"end":{"line":1243,"column":3}},"727":{"start":{"line":1232,"column":19},"end":{"line":1232,"column":29}},"728":{"start":{"line":1233,"column":4},"end":{"line":1235,"column":5}},"729":{"start":{"line":1234,"column":6},"end":{"line":1234,"column":21}},"730":{"start":{"line":1236,"column":4},"end":{"line":1242,"column":5}},"731":{"start":{"line":1237,"column":6},"end":{"line":1241,"column":7}},"732":{"start":{"line":1238,"column":8},"end":{"line":1238,"column":30}},"733":{"start":{"line":1240,"column":8},"end":{"line":1240,"column":23}},"734":{"start":{"line":1244,"column":2},"end":{"line":1244,"column":12}},"735":{"start":{"line":1247,"column":21},"end":{"line":1259,"column":1}},"736":{"start":{"line":1248,"column":15},"end":{"line":1248,"column":50}},"737":{"start":{"line":1249,"column":2},"end":{"line":1258,"column":3}},"738":{"start":{"line":1250,"column":4},"end":{"line":1250,"column":31}},"739":{"start":{"line":1250,"column":14},"end":{"line":1250,"column":31}},"740":{"start":{"line":1251,"column":4},"end":{"line":1251,"column":25}},"741":{"start":{"line":1252,"column":9},"end":{"line":1258,"column":3}},"742":{"start":{"line":1253,"column":4},"end":{"line":1257,"column":5}},"743":{"start":{"line":1254,"column":6},"end":{"line":1254,"column":28}},"744":{"start":{"line":1256,"column":6},"end":{"line":1256,"column":36}},"745":{"start":{"line":1269,"column":17},"end":{"line":1279,"column":1}},"746":{"start":{"line":1270,"column":2},"end":{"line":1278,"column":3}},"747":{"start":{"line":1271,"column":4},"end":{"line":1275,"column":5}},"748":{"start":{"line":1272,"column":6},"end":{"line":1274,"column":7}},"749":{"start":{"line":1273,"column":8},"end":{"line":1273,"column":30}},"750":{"start":{"line":1277,"column":4},"end":{"line":1277,"column":46}},"751":{"start":{"line":1282,"column":0},"end":{"line":1291,"column":1}},"752":{"start":{"line":1283,"column":18},"end":{"line":1283,"column":72}},"753":{"start":{"line":1284,"column":2},"end":{"line":1288,"column":4}},"754":{"start":{"line":1290,"column":2},"end":{"line":1290,"column":51}},"755":{"start":{"line":1293,"column":15},"end":{"line":1293,"column":26}},"756":{"start":{"line":1295,"column":32},"end":{"line":1295,"column":46}},"757":{"start":{"line":1297,"column":19},"end":{"line":1301,"column":1}},"758":{"start":{"line":1298,"column":2},"end":{"line":1300,"column":3}},"759":{"start":{"line":1299,"column":4},"end":{"line":1299,"column":15}},"760":{"start":{"line":1303,"column":17},"end":{"line":1305,"column":38}},"761":{"start":{"line":1303,"column":22},"end":{"line":1305,"column":38}},"762":{"start":{"line":1308,"column":16},"end":{"line":1334,"column":1}},"763":{"start":{"line":1312,"column":6},"end":{"line":1331,"column":7}},"764":{"start":{"line":1313,"column":8},"end":{"line":1313,"column":85}},"765":{"start":{"line":1313,"column":31},"end":{"line":1313,"column":85}},"766":{"start":{"line":1315,"column":22},"end":{"line":1315,"column":57}},"767":{"start":{"line":1316,"column":8},"end":{"line":1329,"column":9}},"768":{"start":{"line":1317,"column":27},"end":{"line":1317,"column":63}},"769":{"start":{"line":1318,"column":10},"end":{"line":1328,"column":11}},"770":{"start":{"line":1319,"column":12},"end":{"line":1325,"column":13}},"771":{"start":{"line":1320,"column":14},"end":{"line":1322,"column":15}},"772":{"start":{"line":1321,"column":16},"end":{"line":1321,"column":73}},"773":{"start":{"line":1324,"column":14},"end":{"line":1324,"column":65}},"774":{"start":{"line":1326,"column":12},"end":{"line":1326,"column":58}},"775":{"start":{"line":1327,"column":12},"end":{"line":1327,"column":18}},"776":{"start":{"line":1330,"column":8},"end":{"line":1330,"column":58}},"777":{"start":{"line":1330,"column":19},"end":{"line":1330,"column":58}},"778":{"start":{"line":1336,"column":18},"end":{"line":1336,"column":67}},"779":{"start":{"line":1338,"column":18},"end":{"line":1353,"column":1}},"780":{"start":{"line":1342,"column":16},"end":{"line":1342,"column":27}},"781":{"start":{"line":1343,"column":6},"end":{"line":1343,"column":56}},"782":{"start":{"line":1343,"column":45},"end":{"line":1343,"column":54}},"783":{"start":{"line":1344,"column":6},"end":{"line":1344,"column":37}},"784":{"start":{"line":1347,"column":16},"end":{"line":1347,"column":60}},"785":{"start":{"line":1348,"column":6},"end":{"line":1348,"column":56}},"786":{"start":{"line":1348,"column":45},"end":{"line":1348,"column":54}},"787":{"start":{"line":1349,"column":19},"end":{"line":1349,"column":36}},"788":{"start":{"line":1350,"column":6},"end":{"line":1350,"column":51}},"789":{"start":{"line":1350,"column":18},"end":{"line":1350,"column":49}},"790":{"start":{"line":1356,"column":2},"end":{"line":1363,"column":3}},"791":{"start":{"line":1357,"column":24},"end":{"line":1361,"column":24}},"792":{"start":{"line":1362,"column":4},"end":{"line":1362,"column":56}},"793":{"start":{"line":1365,"column":2},"end":{"line":1368,"column":3}},"794":{"start":{"line":1366,"column":18},"end":{"line":1366,"column":41}},"795":{"start":{"line":1367,"column":4},"end":{"line":1367,"column":44}},"796":{"start":{"line":1370,"column":2},"end":{"line":1373,"column":3}},"797":{"start":{"line":1371,"column":19},"end":{"line":1371,"column":47}},"798":{"start":{"line":1372,"column":4},"end":{"line":1372,"column":46}},"799":{"start":{"line":1375,"column":2},"end":{"line":1375,"column":30}},"800":{"start":{"line":1379,"column":2},"end":{"line":1381,"column":7}},"801":{"start":{"line":1384,"column":14},"end":{"line":1447,"column":1}},"802":{"start":{"line":1389,"column":6},"end":{"line":1395,"column":7}},"803":{"start":{"line":1390,"column":22},"end":{"line":1390,"column":39}},"804":{"start":{"line":1391,"column":8},"end":{"line":1394,"column":9}},"805":{"start":{"line":1392,"column":10},"end":{"line":1392,"column":29}},"806":{"start":{"line":1393,"column":10},"end":{"line":1393,"column":42}},"807":{"start":{"line":1406,"column":10},"end":{"line":1406,"column":67}},"808":{"start":{"line":1409,"column":10},"end":{"line":1414,"column":11}},"809":{"start":{"line":1410,"column":25},"end":{"line":1410,"column":42}},"810":{"start":{"line":1411,"column":12},"end":{"line":1413,"column":26}},"811":{"start":{"line":1420,"column":24},"end":{"line":1420,"column":43}},"812":{"start":{"line":1422,"column":4},"end":{"line":1432,"column":14}},"813":{"start":{"line":1425,"column":10},"end":{"line":1429,"column":11}},"814":{"start":{"line":1426,"column":12},"end":{"line":1426,"column":50}},"815":{"start":{"line":1428,"column":12},"end":{"line":1428,"column":56}},"816":{"start":{"line":1435,"column":4},"end":{"line":1445,"column":5}},"817":{"start":{"line":1436,"column":6},"end":{"line":1444,"column":16}},"818":{"start":{"line":1438,"column":10},"end":{"line":1442,"column":11}},"819":{"start":{"line":1439,"column":12},"end":{"line":1439,"column":60}},"820":{"start":{"line":1441,"column":12},"end":{"line":1441,"column":56}},"821":{"start":{"line":1449,"column":14},"end":{"line":1452,"column":1}},"822":{"start":{"line":1454,"column":22},"end":{"line":1454,"column":24}},"823":{"start":{"line":1456,"column":0},"end":{"line":1469,"column":2}},"824":{"start":{"line":1463,"column":8},"end":{"line":1465,"column":9}},"825":{"start":{"line":1464,"column":10},"end":{"line":1464,"column":51}},"826":{"start":{"line":1471,"column":13},"end":{"line":1488,"column":1}},"827":{"start":{"line":1472,"column":16},"end":{"line":1472,"column":32}},"828":{"start":{"line":1473,"column":13},"end":{"line":1473,"column":33}},"829":{"start":{"line":1474,"column":2},"end":{"line":1476,"column":3}},"830":{"start":{"line":1475,"column":4},"end":{"line":1475,"column":24}},"831":{"start":{"line":1477,"column":2},"end":{"line":1479,"column":3}},"832":{"start":{"line":1478,"column":4},"end":{"line":1478,"column":24}},"833":{"start":{"line":1480,"column":2},"end":{"line":1482,"column":3}},"834":{"start":{"line":1481,"column":4},"end":{"line":1481,"column":24}},"835":{"start":{"line":1483,"column":2},"end":{"line":1485,"column":3}},"836":{"start":{"line":1484,"column":4},"end":{"line":1484,"column":24}},"837":{"start":{"line":1486,"column":2},"end":{"line":1486,"column":17}},"838":{"start":{"line":1487,"column":2},"end":{"line":1487,"column":13}},"839":{"start":{"line":1490,"column":14},"end":{"line":1505,"column":1}},"840":{"start":{"line":1491,"column":15},"end":{"line":1491,"column":26}},"841":{"start":{"line":1492,"column":14},"end":{"line":1492,"column":23}},"842":{"start":{"line":1493,"column":2},"end":{"line":1504,"column":3}},"843":{"start":{"line":1494,"column":21},"end":{"line":1494,"column":51}},"844":{"start":{"line":1495,"column":4},"end":{"line":1502,"column":5}},"845":{"start":{"line":1496,"column":6},"end":{"line":1496,"column":35}},"846":{"start":{"line":1497,"column":6},"end":{"line":1497,"column":40}},"847":{"start":{"line":1498,"column":11},"end":{"line":1502,"column":5}},"848":{"start":{"line":1499,"column":6},"end":{"line":1499,"column":23}},"849":{"start":{"line":1500,"column":6},"end":{"line":1500,"column":24}},"850":{"start":{"line":1501,"column":6},"end":{"line":1501,"column":19}},"851":{"start":{"line":1503,"column":4},"end":{"line":1503,"column":23}},"852":{"start":{"line":1507,"column":16},"end":{"line":1508,"column":40}},"853":{"start":{"line":1507,"column":28},"end":{"line":1508,"column":40}},"854":{"start":{"line":1510,"column":15},"end":{"line":1533,"column":1}},"855":{"start":{"line":1511,"column":10},"end":{"line":1511,"column":18}},"856":{"start":{"line":1513,"column":2},"end":{"line":1532,"column":30}},"857":{"start":{"line":1514,"column":15},"end":{"line":1514,"column":18}},"858":{"start":{"line":1515,"column":4},"end":{"line":1528,"column":5}},"859":{"start":{"line":1516,"column":21},"end":{"line":1516,"column":39}},"860":{"start":{"line":1517,"column":6},"end":{"line":1527,"column":7}},"861":{"start":{"line":1518,"column":8},"end":{"line":1520,"column":9}},"862":{"start":{"line":1519,"column":10},"end":{"line":1519,"column":37}},"863":{"start":{"line":1521,"column":19},"end":{"line":1521,"column":32}},"864":{"start":{"line":1522,"column":8},"end":{"line":1522,"column":22}},"865":{"start":{"line":1523,"column":8},"end":{"line":1523,"column":47}},"866":{"start":{"line":1524,"column":8},"end":{"line":1526,"column":9}},"867":{"start":{"line":1525,"column":10},"end":{"line":1525,"column":15}},"868":{"start":{"line":1529,"column":4},"end":{"line":1531,"column":5}},"869":{"start":{"line":1530,"column":6},"end":{"line":1530,"column":26}},"870":{"start":{"line":1535,"column":11},"end":{"line":1535,"column":13}},"871":{"start":{"line":1538,"column":14},"end":{"line":1541,"column":29}},"872":{"start":{"line":1548,"column":0},"end":{"line":1551,"column":1}},"873":{"start":{"line":1549,"column":2},"end":{"line":1549,"column":52}},"874":{"start":{"line":1550,"column":2},"end":{"line":1550,"column":41}},"875":{"start":{"line":1554,"column":12},"end":{"line":1554,"column":28}},"876":{"start":{"line":1555,"column":12},"end":{"line":1555,"column":14}},"877":{"start":{"line":1556,"column":2},"end":{"line":1562,"column":3}},"878":{"start":{"line":1557,"column":14},"end":{"line":1557,"column":26}},"879":{"start":{"line":1558,"column":19},"end":{"line":1558,"column":33}},"880":{"start":{"line":1559,"column":4},"end":{"line":1559,"column":21}},"881":{"start":{"line":1560,"column":4},"end":{"line":1560,"column":91}},"882":{"start":{"line":1561,"column":4},"end":{"line":1561,"column":26}},"883":{"start":{"line":1563,"column":2},"end":{"line":1567,"column":3}},"884":{"start":{"line":1564,"column":4},"end":{"line":1566,"column":5}},"885":{"start":{"line":1565,"column":6},"end":{"line":1565,"column":49}},"886":{"start":{"line":1570,"column":25},"end":{"line":1572,"column":1}},"887":{"start":{"line":1571,"column":2},"end":{"line":1571,"column":52}},"888":{"start":{"line":1579,"column":2},"end":{"line":1579,"column":19}},"889":{"start":{"line":1582,"column":0},"end":{"line":1584,"column":2}},"890":{"start":{"line":1583,"column":2},"end":{"line":1583,"column":74}},"891":{"start":{"line":1586,"column":0},"end":{"line":1590,"column":3}},"892":{"start":{"line":1588,"column":4},"end":{"line":1588,"column":24}},"893":{"start":{"line":1593,"column":14},"end":{"line":1593,"column":30}},"894":{"start":{"line":1594,"column":2},"end":{"line":1594,"column":22}},"895":{"start":{"line":1595,"column":2},"end":{"line":1599,"column":3}},"896":{"start":{"line":1596,"column":4},"end":{"line":1598,"column":5}},"897":{"start":{"line":1597,"column":6},"end":{"line":1597,"column":33}},"898":{"start":{"line":1602,"column":0},"end":{"line":1602,"column":21}},"899":{"start":{"line":1604,"column":0},"end":{"line":1610,"column":2}},"900":{"start":{"line":1605,"column":14},"end":{"line":1605,"column":23}},"901":{"start":{"line":1606,"column":2},"end":{"line":1608,"column":3}},"902":{"start":{"line":1607,"column":4},"end":{"line":1607,"column":27}},"903":{"start":{"line":1609,"column":2},"end":{"line":1609,"column":17}},"904":{"start":{"line":1612,"column":0},"end":{"line":1622,"column":2}},"905":{"start":{"line":1613,"column":16},"end":{"line":1613,"column":25}},"906":{"start":{"line":1614,"column":2},"end":{"line":1621,"column":3}},"907":{"start":{"line":1615,"column":4},"end":{"line":1620,"column":5}},"908":{"start":{"line":1616,"column":6},"end":{"line":1619,"column":7}},"909":{"start":{"line":1617,"column":8},"end":{"line":1617,"column":27}},"910":{"start":{"line":1618,"column":8},"end":{"line":1618,"column":13}},"911":{"start":{"line":1624,"column":24},"end":{"line":1624,"column":73}},"912":{"start":{"line":1625,"column":16},"end":{"line":1625,"column":18}},"913":{"start":{"line":1626,"column":22},"end":{"line":1626,"column":24}},"914":{"start":{"line":1628,"column":0},"end":{"line":1659,"column":2}},"915":{"start":{"line":1633,"column":6},"end":{"line":1636,"column":7}},"916":{"start":{"line":1634,"column":8},"end":{"line":1634,"column":28}},"917":{"start":{"line":1635,"column":8},"end":{"line":1635,"column":47}},"918":{"start":{"line":1635,"column":29},"end":{"line":1635,"column":45}},"919":{"start":{"line":1637,"column":6},"end":{"line":1637,"column":43}},"920":{"start":{"line":1638,"column":6},"end":{"line":1638,"column":35}},"921":{"start":{"line":1641,"column":6},"end":{"line":1644,"column":9}},"922":{"start":{"line":1647,"column":6},"end":{"line":1650,"column":9}},"923":{"start":{"line":1653,"column":6},"end":{"line":1656,"column":9}},"924":{"start":{"line":1661,"column":0},"end":{"line":1683,"column":2}},"925":{"start":{"line":1670,"column":21},"end":{"line":1670,"column":38}},"926":{"start":{"line":1671,"column":8},"end":{"line":1679,"column":9}},"927":{"start":{"line":1672,"column":10},"end":{"line":1675,"column":11}},"928":{"start":{"line":1673,"column":12},"end":{"line":1673,"column":40}},"929":{"start":{"line":1674,"column":12},"end":{"line":1674,"column":24}},"930":{"start":{"line":1676,"column":10},"end":{"line":1678,"column":11}},"931":{"start":{"line":1677,"column":12},"end":{"line":1677,"column":37}},"932":{"start":{"line":1685,"column":17},"end":{"line":1705,"column":9}},"933":{"start":{"line":1698,"column":6},"end":{"line":1700,"column":7}},"934":{"start":{"line":1699,"column":8},"end":{"line":1699,"column":32}},"935":{"start":{"line":1707,"column":16},"end":{"line":1732,"column":9}},"936":{"start":{"line":1734,"column":0},"end":{"line":1734,"column":43}},"937":{"start":{"line":1736,"column":12},"end":{"line":1792,"column":1}},"938":{"start":{"line":1737,"column":2},"end":{"line":1739,"column":3}},"939":{"start":{"line":1738,"column":4},"end":{"line":1738,"column":32}},"940":{"start":{"line":1740,"column":15},"end":{"line":1740,"column":26}},"941":{"start":{"line":1741,"column":15},"end":{"line":1741,"column":17}},"942":{"start":{"line":1742,"column":16},"end":{"line":1742,"column":39}},"943":{"start":{"line":1743,"column":2},"end":{"line":1758,"column":3}},"944":{"start":{"line":1744,"column":4},"end":{"line":1744,"column":37}},"945":{"start":{"line":1745,"column":4},"end":{"line":1745,"column":37}},"946":{"start":{"line":1745,"column":14},"end":{"line":1745,"column":35}},"947":{"start":{"line":1747,"column":4},"end":{"line":1747,"column":74}},"948":{"start":{"line":1747,"column":37},"end":{"line":1747,"column":72}},"949":{"start":{"line":1748,"column":4},"end":{"line":1748,"column":37}},"950":{"start":{"line":1749,"column":4},"end":{"line":1757,"column":5}},"951":{"start":{"line":1750,"column":6},"end":{"line":1753,"column":15}},"952":{"start":{"line":1751,"column":8},"end":{"line":1751,"column":31}},"953":{"start":{"line":1752,"column":8},"end":{"line":1752,"column":45}},"954":{"start":{"line":1754,"column":6},"end":{"line":1754,"column":27}},"955":{"start":{"line":1756,"column":6},"end":{"line":1756,"column":48}},"956":{"start":{"line":1759,"column":2},"end":{"line":1759,"column":22}},"957":{"start":{"line":1760,"column":14},"end":{"line":1760,"column":24}},"958":{"start":{"line":1762,"column":12},"end":{"line":1762,"column":22}},"959":{"start":{"line":1764,"column":2},"end":{"line":1791,"column":3}},"960":{"start":{"line":1766,"column":15},"end":{"line":1766,"column":16}},"961":{"start":{"line":1767,"column":4},"end":{"line":1778,"column":5}},"962":{"start":{"line":1768,"column":6},"end":{"line":1775,"column":7}},"963":{"start":{"line":1769,"column":8},"end":{"line":1769,"column":18}},"964":{"start":{"line":1770,"column":8},"end":{"line":1770,"column":17}},"965":{"start":{"line":1772,"column":8},"end":{"line":1772,"column":30}},"966":{"start":{"line":1773,"column":8},"end":{"line":1773,"column":17}},"967":{"start":{"line":1774,"column":8},"end":{"line":1774,"column":32}},"968":{"start":{"line":1777,"column":6},"end":{"line":1777,"column":27}},"969":{"start":{"line":1779,"column":4},"end":{"line":1787,"column":5}},"970":{"start":{"line":1780,"column":18},"end":{"line":1780,"column":20}},"971":{"start":{"line":1781,"column":16},"end":{"line":1781,"column":27}},"972":{"start":{"line":1782,"column":14},"end":{"line":1782,"column":15}},"973":{"start":{"line":1783,"column":14},"end":{"line":1783,"column":17}},"974":{"start":{"line":1784,"column":6},"end":{"line":1784,"column":49}},"975":{"start":{"line":1785,"column":6},"end":{"line":1785,"column":21}},"976":{"start":{"line":1786,"column":6},"end":{"line":1786,"column":30}},"977":{"start":{"line":1788,"column":4},"end":{"line":1788,"column":19}},"978":{"start":{"line":1790,"column":4},"end":{"line":1790,"column":22}},"979":{"start":{"line":1794,"column":12},"end":{"line":1801,"column":1}},"980":{"start":{"line":1795,"column":2},"end":{"line":1795,"column":23}},"981":{"start":{"line":1796,"column":2},"end":{"line":1796,"column":28}},"982":{"start":{"line":1797,"column":10},"end":{"line":1797,"column":74}},"983":{"start":{"line":1798,"column":2},"end":{"line":1800,"column":3}},"984":{"start":{"line":1799,"column":4},"end":{"line":1799,"column":44}},"985":{"start":{"line":1803,"column":0},"end":{"line":1803,"column":23}},"986":{"start":{"line":1804,"column":0},"end":{"line":1804,"column":26}},"987":{"start":{"line":1805,"column":0},"end":{"line":1805,"column":24}},"988":{"start":{"line":1806,"column":0},"end":{"line":1806,"column":28}},"989":{"start":{"line":1807,"column":0},"end":{"line":1807,"column":31}}},"fnMap":{"0":{"name":"_interopDefault","decl":{"start":{"line":5,"column":9},"end":{"line":5,"column":24}},"loc":{"start":{"line":5,"column":30},"end":{"line":5,"column":114}}},"1":{"name":"(anonymous_1)","decl":{"start":{"line":17,"column":16},"end":{"line":17,"column":17}},"loc":{"start":{"line":17,"column":29},"end":{"line":22,"column":1}}},"2":{"name":"(anonymous_2)","decl":{"start":{"line":24,"column":17},"end":{"line":24,"column":18}},"loc":{"start":{"line":24,"column":22},"end":{"line":24,"column":93}}},"3":{"name":"(anonymous_3)","decl":{"start":{"line":28,"column":12},"end":{"line":28,"column":13}},"loc":{"start":{"line":28,"column":17},"end":{"line":28,"column":55}}},"4":{"name":"(anonymous_4)","decl":{"start":{"line":30,"column":13},"end":{"line":30,"column":14}},"loc":{"start":{"line":30,"column":18},"end":{"line":30,"column":71}}},"5":{"name":"(anonymous_5)","decl":{"start":{"line":32,"column":16},"end":{"line":32,"column":17}},"loc":{"start":{"line":32,"column":21},"end":{"line":32,"column":83}}},"6":{"name":"(anonymous_6)","decl":{"start":{"line":34,"column":19},"end":{"line":34,"column":20}},"loc":{"start":{"line":34,"column":24},"end":{"line":34,"column":95}}},"7":{"name":"(anonymous_7)","decl":{"start":{"line":36,"column":16},"end":{"line":36,"column":17}},"loc":{"start":{"line":36,"column":21},"end":{"line":36,"column":76}}},"8":{"name":"(anonymous_8)","decl":{"start":{"line":38,"column":15},"end":{"line":38,"column":16}},"loc":{"start":{"line":38,"column":63},"end":{"line":58,"column":1}}},"9":{"name":"(anonymous_9)","decl":{"start":{"line":60,"column":19},"end":{"line":60,"column":20}},"loc":{"start":{"line":60,"column":43},"end":{"line":63,"column":1}}},"10":{"name":"(anonymous_10)","decl":{"start":{"line":65,"column":17},"end":{"line":65,"column":18}},"loc":{"start":{"line":65,"column":29},"end":{"line":66,"column":36}}},"11":{"name":"(anonymous_11)","decl":{"start":{"line":68,"column":13},"end":{"line":68,"column":14}},"loc":{"start":{"line":68,"column":42},"end":{"line":85,"column":1}}},"12":{"name":"(anonymous_12)","decl":{"start":{"line":87,"column":17},"end":{"line":87,"column":18}},"loc":{"start":{"line":87,"column":41},"end":{"line":129,"column":1}}},"13":{"name":"(anonymous_13)","decl":{"start":{"line":131,"column":15},"end":{"line":131,"column":16}},"loc":{"start":{"line":131,"column":20},"end":{"line":131,"column":70}}},"14":{"name":"(anonymous_14)","decl":{"start":{"line":132,"column":15},"end":{"line":132,"column":16}},"loc":{"start":{"line":132,"column":36},"end":{"line":146,"column":1}}},"15":{"name":"exec","decl":{"start":{"line":148,"column":9},"end":{"line":148,"column":13}},"loc":{"start":{"line":148,"column":32},"end":{"line":157,"column":1}}},"16":{"name":"(anonymous_16)","decl":{"start":{"line":159,"column":13},"end":{"line":159,"column":14}},"loc":{"start":{"line":159,"column":23},"end":{"line":177,"column":1}}},"17":{"name":"(anonymous_17)","decl":{"start":{"line":179,"column":13},"end":{"line":179,"column":14}},"loc":{"start":{"line":179,"column":35},"end":{"line":199,"column":1}}},"18":{"name":"set","decl":{"start":{"line":201,"column":9},"end":{"line":201,"column":12}},"loc":{"start":{"line":201,"column":38},"end":{"line":229,"column":1}}},"19":{"name":"(anonymous_19)","decl":{"start":{"line":231,"column":12},"end":{"line":231,"column":13}},"loc":{"start":{"line":231,"column":35},"end":{"line":246,"column":1}}},"20":{"name":"(anonymous_20)","decl":{"start":{"line":248,"column":16},"end":{"line":248,"column":17}},"loc":{"start":{"line":248,"column":29},"end":{"line":299,"column":1}}},"21":{"name":"(anonymous_21)","decl":{"start":{"line":301,"column":15},"end":{"line":301,"column":16}},"loc":{"start":{"line":301,"column":36},"end":{"line":313,"column":1}}},"22":{"name":"(anonymous_22)","decl":{"start":{"line":315,"column":15},"end":{"line":315,"column":16}},"loc":{"start":{"line":315,"column":47},"end":{"line":328,"column":1}}},"23":{"name":"mapSwitch","decl":{"start":{"line":330,"column":9},"end":{"line":330,"column":18}},"loc":{"start":{"line":330,"column":42},"end":{"line":401,"column":1}}},"24":{"name":"(anonymous_24)","decl":{"start":{"line":403,"column":19},"end":{"line":403,"column":20}},"loc":{"start":{"line":403,"column":24},"end":{"line":405,"column":40}}},"25":{"name":"(anonymous_25)","decl":{"start":{"line":407,"column":14},"end":{"line":407,"column":15}},"loc":{"start":{"line":407,"column":19},"end":{"line":414,"column":1}}},"26":{"name":"(anonymous_26)","decl":{"start":{"line":416,"column":15},"end":{"line":416,"column":16}},"loc":{"start":{"line":416,"column":20},"end":{"line":426,"column":1}}},"27":{"name":"(anonymous_27)","decl":{"start":{"line":428,"column":17},"end":{"line":428,"column":18}},"loc":{"start":{"line":428,"column":40},"end":{"line":457,"column":1}}},"28":{"name":"(anonymous_28)","decl":{"start":{"line":459,"column":18},"end":{"line":459,"column":19}},"loc":{"start":{"line":459,"column":28},"end":{"line":466,"column":1}}},"29":{"name":"(anonymous_29)","decl":{"start":{"line":468,"column":10},"end":{"line":468,"column":11}},"loc":{"start":{"line":468,"column":22},"end":{"line":543,"column":1}}},"30":{"name":"(anonymous_30)","decl":{"start":{"line":545,"column":14},"end":{"line":545,"column":15}},"loc":{"start":{"line":545,"column":29},"end":{"line":561,"column":1}}},"31":{"name":"(anonymous_31)","decl":{"start":{"line":563,"column":19},"end":{"line":563,"column":20}},"loc":{"start":{"line":563,"column":42},"end":{"line":590,"column":1}}},"32":{"name":"(anonymous_32)","decl":{"start":{"line":592,"column":13},"end":{"line":592,"column":14}},"loc":{"start":{"line":592,"column":25},"end":{"line":604,"column":1}}},"33":{"name":"(anonymous_33)","decl":{"start":{"line":727,"column":17},"end":{"line":727,"column":18}},"loc":{"start":{"line":727,"column":22},"end":{"line":729,"column":38}}},"34":{"name":"(anonymous_34)","decl":{"start":{"line":731,"column":20},"end":{"line":731,"column":21}},"loc":{"start":{"line":731,"column":25},"end":{"line":732,"column":62}}},"35":{"name":"(anonymous_35)","decl":{"start":{"line":732,"column":28},"end":{"line":732,"column":29}},"loc":{"start":{"line":732,"column":33},"end":{"line":732,"column":60}}},"36":{"name":"(anonymous_36)","decl":{"start":{"line":734,"column":23},"end":{"line":734,"column":24}},"loc":{"start":{"line":734,"column":28},"end":{"line":735,"column":64}}},"37":{"name":"(anonymous_37)","decl":{"start":{"line":735,"column":31},"end":{"line":735,"column":32}},"loc":{"start":{"line":735,"column":36},"end":{"line":735,"column":62}}},"38":{"name":"(anonymous_38)","decl":{"start":{"line":737,"column":17},"end":{"line":737,"column":18}},"loc":{"start":{"line":737,"column":36},"end":{"line":743,"column":1}}},"39":{"name":"(anonymous_39)","decl":{"start":{"line":745,"column":18},"end":{"line":745,"column":19}},"loc":{"start":{"line":745,"column":30},"end":{"line":751,"column":1}}},"40":{"name":"(anonymous_40)","decl":{"start":{"line":753,"column":15},"end":{"line":753,"column":16}},"loc":{"start":{"line":753,"column":44},"end":{"line":758,"column":1}}},"41":{"name":"(anonymous_41)","decl":{"start":{"line":762,"column":21},"end":{"line":762,"column":22}},"loc":{"start":{"line":762,"column":57},"end":{"line":773,"column":1}}},"42":{"name":"(anonymous_42)","decl":{"start":{"line":775,"column":22},"end":{"line":775,"column":23}},"loc":{"start":{"line":775,"column":27},"end":{"line":781,"column":1}}},"43":{"name":"(anonymous_43)","decl":{"start":{"line":783,"column":15},"end":{"line":783,"column":16}},"loc":{"start":{"line":783,"column":30},"end":{"line":784,"column":33}}},"44":{"name":"(anonymous_44)","decl":{"start":{"line":786,"column":19},"end":{"line":786,"column":20}},"loc":{"start":{"line":786,"column":27},"end":{"line":791,"column":1}}},"45":{"name":"(anonymous_45)","decl":{"start":{"line":793,"column":19},"end":{"line":793,"column":20}},"loc":{"start":{"line":793,"column":27},"end":{"line":793,"column":48}}},"46":{"name":"(anonymous_46)","decl":{"start":{"line":797,"column":22},"end":{"line":797,"column":23}},"loc":{"start":{"line":797,"column":45},"end":{"line":808,"column":1}}},"47":{"name":"(anonymous_47)","decl":{"start":{"line":810,"column":21},"end":{"line":810,"column":22}},"loc":{"start":{"line":810,"column":65},"end":{"line":831,"column":1}}},"48":{"name":"findNode","decl":{"start":{"line":833,"column":9},"end":{"line":833,"column":17}},"loc":{"start":{"line":833,"column":33},"end":{"line":844,"column":1}}},"49":{"name":"(anonymous_49)","decl":{"start":{"line":852,"column":22},"end":{"line":852,"column":23}},"loc":{"start":{"line":852,"column":36},"end":{"line":857,"column":1}}},"50":{"name":"(anonymous_50)","decl":{"start":{"line":859,"column":21},"end":{"line":859,"column":22}},"loc":{"start":{"line":859,"column":69},"end":{"line":872,"col
[...]
art":{"line":1616,"column":6},"end":{"line":1619,"column":7}},{"start":{"line":1616,"column":6},"end":{"line":1619,"column":7}}]},"344":{"loc":{"start":{"line":1633,"column":6},"end":{"line":1636,"column":7}},"type":"if","locations":[{"start":{"line":1633,"column":6},"end":{"line":1636,"column":7}},{"start":{"line":1633,"column":6},"end":{"line":1636,"column":7}}]},"345":{"loc":{"start":{"line":1671,"column":8},"end":{"line":1679,"column":9}},"type":"if","locations":[{"start":{"line":1671,"column":8},"end":{"line":1679,"column":9}},{"start":{"line":1671,"column":8},"end":{"line":1679,"column":9}}]},"346":{"loc":{"start":{"line":1672,"column":10},"end":{"line":1675,"column":11}},"type":"if","locations":[{"start":{"line":1672,"column":10},"end":{"line":1675,"column":11}},{"start":{"line":1672,"column":10},"end":{"line":1675,"column":11}}]},"347":{"loc":{"start":{"line":1676,"column":10},"end":{"line":1678,"column":11}},"type":"if","locations":[{"start":{"line":1676,"column":10},"end":{"line":1678,"column":11}},{"start":{"line":1676,"column":10},"end":{"line":1678,"column":11}}]},"348":{"loc":{"start":{"line":1698,"column":6},"end":{"line":1700,"column":7}},"type":"if","locations":[{"start":{"line":1698,"column":6},"end":{"line":1700,"column":7}},{"start":{"line":1698,"column":6},"end":{"line":1700,"column":7}}]},"349":{"loc":{"start":{"line":1698,"column":10},"end":{"line":1698,"column":45}},"type":"binary-expr","locations":[{"start":{"line":1698,"column":10},"end":{"line":1698,"column":14}},{"start":{"line":1698,"column":18},"end":{"line":1698,"column":45}}]},"350":{"loc":{"start":{"line":1737,"column":2},"end":{"line":1739,"column":3}},"type":"if","locations":[{"start":{"line":1737,"column":2},"end":{"line":1739,"column":3}},{"start":{"line":1737,"column":2},"end":{"line":1739,"column":3}}]},"351":{"loc":{"start":{"line":1743,"column":2},"end":{"line":1758,"column":3}},"type":"if","locations":[{"start":{"line":1743,"column":2},"end":{"line":1758,"column":3}},{"start":{"line":1743,"column":2},"end":{"line":1758,"column":3}}]},"352":{"loc":{"start":{"line":1745,"column":4},"end":{"line":1745,"column":37}},"type":"if","locations":[{"start":{"line":1745,"column":4},"end":{"line":1745,"column":37}},{"start":{"line":1745,"column":4},"end":{"line":1745,"column":37}}]},"353":{"loc":{"start":{"line":1747,"column":4},"end":{"line":1747,"column":74}},"type":"if","locations":[{"start":{"line":1747,"column":4},"end":{"line":1747,"column":74}},{"start":{"line":1747,"column":4},"end":{"line":1747,"column":74}}]},"354":{"loc":{"start":{"line":1747,"column":8},"end":{"line":1747,"column":33}},"type":"binary-expr","locations":[{"start":{"line":1747,"column":8},"end":{"line":1747,"column":14}},{"start":{"line":1747,"column":18},"end":{"line":1747,"column":33}}]},"355":{"loc":{"start":{"line":1749,"column":4},"end":{"line":1757,"column":5}},"type":"if","locations":[{"start":{"line":1749,"column":4},"end":{"line":1757,"column":5}},{"start":{"line":1749,"column":4},"end":{"line":1757,"column":5}}]},"356":{"loc":{"start":{"line":1764,"column":2},"end":{"line":1791,"column":3}},"type":"if","locations":[{"start":{"line":1764,"column":2},"end":{"line":1791,"column":3}},{"start":{"line":1764,"column":2},"end":{"line":1791,"column":3}}]},"357":{"loc":{"start":{"line":1767,"column":4},"end":{"line":1778,"column":5}},"type":"if","locations":[{"start":{"line":1767,"column":4},"end":{"line":1778,"column":5}},{"start":{"line":1767,"column":4},"end":{"line":1778,"column":5}}]},"358":{"loc":{"start":{"line":1768,"column":6},"end":{"line":1775,"column":7}},"type":"if","locations":[{"start":{"line":1768,"column":6},"end":{"line":1775,"column":7}},{"start":{"line":1768,"column":6},"end":{"line":1775,"column":7}}]},"359":{"loc":{"start":{"line":1779,"column":4},"end":{"line":1787,"column":5}},"type":"if","locations":[{"start":{"line":1779,"column":4},"end":{"line":1787,"column":5}},{"start":{"line":1779,"column":4},"end":{"line":1787,"column":5}}]},"360":{"loc":{"start":{"line":1784,"column":13},"end":{"line":1784,"column":47}},"type":"binary-expr","locations":[{"start":{"line":1784,"column":13},"end":{"line":1784,"column":20}},{"start":{"line":1784,"column":25},"end":{"line":1784,"column":46}}]},"361":{"loc":{"start":{"line":1794,"column":13},"end":{"line":1794,"column":33}},"type":"default-arg","locations":[{"start":{"line":1794,"column":25},"end":{"line":1794,"column":33}}]},"362":{"loc":{"start":{"line":1797,"column":10},"end":{"line":1797,"column":74}},"type":"cond-expr","locations":[{"start":{"line":1797,"column":32},"end":{"line":1797,"column":70}},{"start":{"line":1797,"column":73},"end":{"line":1797,"column":74}}]}},"s":{"0":1,"1":5,"2":1,"3":1,"4":1,"5":1,"6":1,"7":1,"8":1,"9":1,"10":1,"11":228,"12":228,"13":228,"14":228,"15":1,"16":13,"17":1,"18":3675,"19":1,"20":4210,"21":1,"22":3052,"23":1,"24":1647,"25":1,"26":647,"27":1,"28":3529,"29":86,"30":24,"31":24,"32":24,"33":25,"34":1,"35":1,"36":25,"37":86,"38":4,"39":3443,"40":2304,"41":3529,"42":1,"43":5,"44":5,"45":1,"46":330,"47":1,"48":2476,"49":2476,"50":2466,"51":2369,"52":2369,"53":2353,"54":3383,"55":97,"56":97,"57":97,"58":146,"59":1,"60":9,"61":9,"62":9,"63":9,"64":9,"65":32,"66":32,"67":9,"68":32,"69":32,"70":32,"71":32,"72":32,"73":32,"74":32,"75":32,"76":32,"77":32,"78":7,"79":25,"80":0,"81":25,"82":25,"83":32,"84":7,"85":7,"86":7,"87":7,"88":7,"89":7,"90":9,"91":7,"92":7,"93":1,"94":2214,"95":1,"96":670,"97":670,"98":670,"99":670,"100":532,"101":532,"102":532,"103":321,"104":670,"105":532,"106":532,"107":321,"108":211,"109":1,"110":17,"111":0,"112":0,"113":0,"114":0,"115":0,"116":0,"117":17,"118":0,"119":0,"120":0,"121":0,"122":0,"123":0,"124":1,"125":239,"126":228,"127":226,"128":201,"129":201,"130":154,"131":154,"132":154,"133":139,"134":139,"135":139,"136":47,"137":47,"138":56,"139":56,"140":56,"141":56,"142":47,"143":47,"144":47,"145":42,"146":42,"147":42,"148":201,"149":1,"150":218,"151":218,"152":17,"153":3,"154":3,"155":3,"156":3,"157":2,"158":17,"159":17,"160":201,"161":1,"162":17,"163":0,"164":0,"165":17,"166":17,"167":17,"168":17,"169":17,"170":37,"171":37,"172":0,"173":0,"174":0,"175":0,"176":0,"177":0,"178":0,"179":37,"180":20,"181":0,"182":20,"183":6,"184":3,"185":6,"186":14,"187":14,"188":1,"189":0,"190":0,"191":0,"192":0,"193":17,"194":1,"195":31,"196":31,"197":31,"198":31,"199":20,"200":20,"201":20,"202":11,"203":31,"204":1,"205":1421,"206":1421,"207":1421,"208":1421,"209":421,"210":1000,"211":1000,"212":29,"213":1421,"214":31,"215":31,"216":31,"217":31,"218":28,"219":3,"220":31,"221":31,"222":29,"223":31,"224":31,"225":31,"226":8,"227":8,"228":8,"229":8,"230":16,"231":8,"232":8,"233":8,"234":23,"235":23,"236":31,"237":31,"238":31,"239":56,"240":31,"241":31,"242":31,"243":0,"244":31,"245":887,"246":887,"247":34,"248":34,"249":34,"250":22,"251":22,"252":2,"253":2,"254":20,"255":20,"256":22,"257":22,"258":22,"259":22,"260":22,"261":17,"262":22,"263":31,"264":31,"265":1,"266":904,"267":1,"268":250,"269":7,"270":7,"271":243,"272":1,"273":665,"274":415,"275":273,"276":142,"277":250,"278":1,"279":459,"280":459,"281":459,"282":157,"283":157,"284":157,"285":302,"286":302,"287":302,"288":459,"289":459,"290":459,"291":457,"292":459,"293":459,"294":146,"295":126,"296":146,"297":459,"298":302,"299":459,"300":459,"301":1,"302":459,"303":441,"304":360,"305":81,"306":1,"307":17,"308":17,"309":17,"310":17,"311":17,"312":8,"313":8,"314":17,"315":17,"316":17,"317":3,"318":14,"319":1,"320":1,"321":1,"322":13,"323":17,"324":11,"325":11,"326":11,"327":11,"328":11,"329":4,"330":11,"331":7,"332":3,"333":11,"334":6,"335":0,"336":6,"337":6,"338":3,"339":1,"340":6,"341":0,"342":17,"343":17,"344":17,"345":1,"346":17,"347":1,"348":2,"349":1,"350":2,"351":1,"352":1,"353":1,"354":1,"355":1,"356":2,"357":0,"358":1,"359":4,"360":10,"361":10,"362":2,"363":8,"364":8,"365":3,"366":8,"367":4,"368":1,"369":0,"370":1,"371":0,"372":4,"373":1,"374":3,"375":1,"376":240,"377":240,"378":240,"379":240,"380":187,"381":53,"382":240,"383":240,"384":240,"385":1,"386":701,"387":701,"388":169,"389":701,"390":701,"391":288,"392":3,"393":288,"394":232,"395":288,"396":31,"397":257,"398":17,"399":240,"400":413,"401":202,"402":202,"403":89,"404":701,"405":1,"406":1,"407":208,"408":7,"409":201,"410":168,"411":208,"412":175,"413":175,"414":175,"415":15,"416":15,"417":15,"418":160,"419":1,"420":159,"421":32,"422":30,"423":127,"424":2,"425":175,"426":33,"427":208,"428":208,"429":14,"430":1,"431":1,"432":1,"433":1,"434":572,"435":473,"436":27,"437":446,"438":425,"439":425,"440":425,"441":425,"442":425,"443":425,"444":190,"445":386,"446":159,"447":8,"448":151,"449":287,"450":13,"451":1,"452":438,"453":1,"454":1638,"455":427,"456":1,"457":1113,"458":320,"459":1,"460":1638,"461":1638,"462":292,"463":1638,"464":1,"465":1113,"466":1113,"467":68,"468":1113,"469":1,"470":11,"471":11,"472":11,"473":11,"474":1,"475":1,"476":1081,"477":1081,"478":11,"479":1070,"480":1070,"481":1070,"482":1070,"483":1070,"484":1,"485":32,"486":32,"487":32,"488":32,"489":32,"490":1,"491":7353,"492":1,"493":17,"494":22,"495":17,"496":1,"497":1647,"498":1,"499":1,"500":65,"501":4,"502":4,"503":65,"504":65,"505":37,"506":37,"507":65,"508":1,"509":1464,"510":12,"511":12,"512":1464,"513":516,"514":516,"515":516,"516":28,"517":4,"518":28,"519":488,"520":488,"521":5,"522":488,"523":948,"524":3,"525":948,"526":516,"527":516,"528":29,"529":43,"530":28,"531":28,"532":1,"533":1,"534":1,"535":1,"536":1,"537":1,"538":32,"539":32,"540":32,"541":0,"542":32,"543":1,"544":1081,"545":1081,"546":1081,"547":982,"548":971,"549":11,"550":3,"551":1081,"552":1,"553":1,"554":1,"555":85,"556":1,"557":89,"558":1,"559":6,"560":10,"561":2,"562":8,"563":1,"564":1,"565":1,"566":1122,"567":1122,"568":41,"569":41,"570":41,"571":35,"572":4,"573":0,"574":4,"575":31,"576":27,"577":2,"578":6,"579":2,"580":2,"581":2,"582":27,"583":1,"584":27,"585":41,"586":1081,"587":1081,"588":1122,"589":1,"590":1,"591":1,"592":1,"593":33,"594":590,"595":590,"596":590,"597":493,"598":493,"599":493,"600":493,"601":97,"602":22,"603":22,"604":21,"605":75,"606":75,"607":1,"608":1,"609":1,"610":3,"611":3,"612":4,"613":4,"614":1,"615":1,"616":1,"617":1,"618":0,"619":3,"620":3,"621":0,"622":0,"623":0,"624":0,"625":3,"626":1,"627":1,"628":1,"629":60,"630":60,"631":60,"632":60,"633":60,"634":60,"635":1702,"636":1702,"637":436,"638":1702,"639":1702,"640":1693,"641":1693,"642":430,"643":430,"644":1693,"645":479,"646":479,"647":479,"648":479,"649":8,"650":1266,"651":1266,"652":1266,"653":1266,"654":0,"655":1266,"656":1231,"657":1231,"658":1266,"659":1266,"660":1266,"661":202,"662":1266,"663":1266,"664":1266,"665":1266,"666":10,"667":10,"668":1256,"669":1266,"670":1,"671":1,"672":6,"673":6,"674":6,"675":6,"676":7,"677":7,"678":1,"679":6,"680":13,"681":13,"682":13,"683":1,"684":1,"685":12,"686":12,"687":12,"688":2,"689":12,"690":1,"691":1,"692":11,"693":9,"694":1,"695":1,"696":2,"697":2,"698":1,"699":1,"700":1,"701":1,"702":1,"703":1,"704":1,"705":10,"706":10,"707":3,"708":3,"709":7,"710":0,"711":10,"712":4,"713":10,"714":31,"715":31,"716":31,"717":31,"718":4,"719":4,"720":27,"721":0,"722":31,"723":28,"724":31,"725":1,"726":32,"727":40,"728":40,"729":19,"730":40,"731":36,"732":22,"733":14,"734":32,"735":1,"736":41,"737":41,"738":39,"739":2,"740":39,"741":2,"742":2,"743":0,"744":2,"745":1,"746":4,"747":2,"748":22,"749":2,"750":2,"751":1,"752":0,"753":0,"754":1,"755":1,"756":1,"757":1,"758":28,"759":28,"760":1,"761":82,"762":1,"763":28,"764":27,"765":27,"766":1,"767":1,"768":1,"769":1,"770":1,"771":0,"772":0,"773":1,"774":1,"775":1,"776":0,"777":0,"778":1,"779":1,"780":1,"781":1,"782":1,"783":1,"784":47,"785":47,"786":47,"787":47,"788":47,"789":47,"790":48,"791":3,"792":3,"793":48,"794":46,"795":46,"796":48,"797":1,"798":1,"799":48,"800":5,"801":1,"802":29,"803":24,"804":24,"805":24,"806":24,"807":0,"808":51,"809":51,"810":51,"811":1,"812":1,"813":42,"814":9,"815":33,"816":1,"817":0,"818":0,"819":0,"820":0,"821":1,"822":1,"823":1,"824":3,"825":2,"826":1,"827":7,"828":7,"829":7,"830":0,"831":7,"832":0,"833":7,"834":0,"835":7,"836":0,"837":7,"838":7,"839":1,"840":7,"841":7,"842":7,"843":0,"844":0,"845":0,"846":0,"847":0,"848":0,"849":0,"850":0,"851":0,"852":1,"853":7,"854":1,"855":7,"856":7,"857":7,"858":7,"859":7,"860":7,"861":7,"862":7,"863":7,"864":7,"865":7,"866":7,"867":1,"868":6,"869":6,"870":1,"871":1,"872":1,"873":0,"874":0,"875":6,"876":6,"877":6,"878":6,"879":6,"880":6,"881":6,"882":6,"883":6,"884":0,"885":0,"886":1,"887":6,"888":7,"889":1,"890":0,"891":1,"892":7,"893":7,"894":7,"895":7,"896":7,"897":7,"898":1,"899":1,"900":6,"901":6,"902":6,"903":6,"904":1,"905":0,"906":0,"907":0,"908":0,"909":0,"910":0,"911":1,"912":1,"913":1,"914":1,"915":9,"916":6,"917":6,"918":7,"919":9,"920":9,"921":1,"922":1,"923":1,"924":1,"925":6,"926":6,"927":6,"928":0,"929":0,"930":6,"931":6,"932":1,"933":160,"934":103,"935":1,"936":1,"937":1,"938":99,"939":97,"940":99,"941":99,"942":99,"943":99,"944":22,"945":22,"946":0,"947":77,"948":19,"949":77,"950":77,"951":5,"952":9,"953":8,"954":5,"955":72,"956":99,"957":99,"958":99,"959":99,"960":11,"961":11,"962":1,"963":1,"964":1,"965":0,"966":0,"967":0,"968":10,"969":11,"970":0,"971":0,"972":0,"973":0,"974":0,"975":0,"976":0,"977":11,"978":88,"979":1,"980":5,"981":5,"982":5,"983":5,"984":0,"985":1,"986":1,"987":1,"988":1,"989":1},"f":{"0":5,"1":228,"2":13,"3":3675,"4":4210,"5":3052,"6":1647,"7":647,"8":3529,"9":5,"10":330,"11":2476,"12":9,"13":2214,"14":670,"15":532,"16":17,"17":239,"18":201,"19":218,"20":17,"21":31,"22":1421,"23":31,"24":904,"25":250,"26":665,"27":459,"28":459,"29":17,"30":2,"31":4,"32":240,"33":438,"34":1638,"35":427,"36":1113,"37":320,"38":1638,"39":1113,"40":11,"41":1081,"42":32,"43":7353,"44":17,"45":1647,"46":65,"47":1464,"48":516,"49":32,"50":1081,"51":85,"52":89,"53":6,"54":479,"55":32,"56":41,"57":4,"58":28,"59":82,"60":48,"61":5,"62":1,"63":42,"64":0,"65":7,"66":7,"67":7,"68":7,"69":6,"70":0,"71":6,"72":7,"73":0,"74":7,"75":7,"76":6,"77":0,"78":9,"79":7,"80":1,"81":1,"82":1,"83":160,"84":99,"85":9,"86":5},"b":{"0":[0,5],"1":[5,5,3],"2":[262,235],"3":[1,12],"4":[12,8],"5":[3675,1099,1099],"6":[1857,2353],"7":[2353,1778],"8":[57,2995],"9":[2995,2161],"10":[104,1543],"11":[1543,1159],"12":[647,407,407],"13":[86,3443],"14":[1,24],"15":[4,82],"16":[86,5],"17":[2304,1139],"18":[5,5],"19":[330,86,325,244],"20":[2466,10],"21":[2369,97],"22":[2353,16],"23":[97,0],"24":[9,0],"25":[32,0],"26":[32,32],"27":[9,23],"28":[32,0],"29":[32,0],"30":[32,3],"31":[7,25],"32":[0,25],"33":[7,25],"34":[7,0],"35":[7,0],"36":[7,2],"37":[2214,2214,1682],"38":[670,0],"39":[532,0],"40":[532,532,532],"41":[321,211],"42":[321,211],"43":[0,17],"44":[0,0],"45":[0,0],"46":[0,0],"47":[0,17],"48":[0,0],"49":[0,0],"50":[0,0],"51":[228,11],"52":[239,239],"53":[226,2],"54":[228,2],"55":[154,47],"56":[139,15],"57":[56,0],"58":[42,5],"59":[17,201],"60":[3,14],"61":[2,1],"62":[0,17],"63":[17,17],"64":[0,0],"65":[17,0],"66":[17,0],"67":[37,0],"68":[0,37],"69":[0,0],"70":[0,0],"71":[20,17],"72":[0,20],"73":[6,14],"74":[3,3],"75":[6,3],"76":[14,0],"77":[1,13],"78":[14,2],"79":[20,11],"80":[421,1000],"81":[29,971],"82":[1000,1000],"83":[28,3],"84":[29,2],"85":[8,23],"86":[0,31],"87":[34,853],"88":[887,763,704,677],"89":[22,12],"90":[34,22],"91":[2,20],"92":[17,5],"93":[7,897],"94":[897,654],"95":[7,243],"96":[7,0],"97":[415,250],"98":[273,142],"99":[459,339],"100":[157,302],"101":[93,64],"102":[302,203],"103":[459,0],"104":[457,2],"105":[146,313],"106":[126,20],"107":[302,157],"108":[360,81],"109":[8,9],"110":[17,14],"111":[3,14],"112":[1,13],"113":[11,6],"114":[0,11],"115":[4,7],"116":[7,4],"117":[3,4],"118":[0,6],"119":[3,3],"120":[1,2],"121":[0,6],"122":[1,16],"123":[1,1],"124":[1,1],"125":[1,0],"126":[2,8],"127":[10,6,5],"128":[3,5],"129":[8,4],"130":[4,4],"131":[1,3],"132":[0,1],"133":[0,1],"134":[1,0],"135":[1,3],"136":[94,146],"137":[187,53],"138":[169,532],"139":[169,99],"140":[288,413],"141":[3,285],"142":[288,11,11,11],"143":[232,56],"144":[31,257],"145":[288,62],"146":[17,240],"147":[202,211],"148":[413,236],"149":[89,113],"150":[7,201],"151":[208,7],"152":[168,33],"153":[175,33],"154":[15,160],"155":[15,0],"156":[1,159],"157":[32,127],"158":[30,2],"159":[2,125],"160":[473,99],"161":[27,446],"162":[425,21],"163":[425,0],"164":[425,425],"165":[425,0],"166":[190,235],"167":[159,227],"168":[8,151],"169":[8,4],"170":[13,274],"171":[438,0],"172":[0,0],"173":[1638,325],"174":[427,197],"175":[1113,262],"176":[320,241],"177":[11,1070],"178":[7353,6327,3558,3428],"179":[4,61],"180":[37,28],"181":[12,1452],"182":[516,948],"183":[28,488],"184":[4,24],"185":[5,483],"186":[3,945],"187":[29,487],"188":[28,15],"189":[43,43],"190":[28,0],"191":[28,4,4,0],"192":[0,32],"193":[982,99],"194":[971,11],"195":[3,8],"196":[85,81,54],"197":[89,31,85,58],"198":[2,8],"199":[1122,1122],"200":[41,1081],"201":[41,0],"202":[35,6],"203":[4,31],"204":[0,4],"205":[27,4],"206":[2,25],"207":[2,4],"208":[1,26],"209":[1081,0],"210":[493,97],"211":[493,0],"212":[493,493],"213":[22,75],"214":[97,97,76,75],"215":[22,15],"216":[21,1],"217":[75,0],"218":[75,75,0],"219":[0,3],"220":[1,3],"221":[1,0],"222":[0,3],"223":[3,3],"224":[60,0],"225":[436,1266],"226":[436,430],"227":[1693,9],"228":[430,1263],"229":[479,1214],"230":[1266,0],"231":[0,1266],"232":[1266,0],"233":[1266,0],"234":[10,1256],"235":[1266,1266,1266],"236":[10,0],"237":[6,0],"238":[6,6],"239":[1,6],"240":[7,6],"241":[1,1],"242":[6,6],"243":[13,13],"244":[1,12],"245":[1,0],"246":[2,10],"247":[1,11],"248":[12,1,11],"249":[1,0],"250":[9,2],"251":[1,1],"252":[1,0],"253":[1,0],"254":[0,1],"255":[3,7],"256":[10,7],"257":[0,3],"258":[0,7],"259":[4,6],"260":[31,0],"261":[3,28],"262":[31,31],"263":[4,27],"264":[31,29],"265":[0,4],"266":[0,27],"267":[28,3],"268":[19,21],"269":[36,4],"270":[22,14],"271":[39,2],"272":[2,37],"273":[2,0],"274":[0,2],"275":[2,2],"276":[2,20],"277":[0,1],"278":[0,0],"279":[1,81],"280":[81,54],"281":[27,1],"282":[27,0],"283":[1,0],"284":[1,0],"285":[0,1],"286":[0,0],"287":[1,1],"288":[0,0],"289":[0,1],"290":[1,0],"291":[1,0],"292":[0,47],"293":[47,47],"294":[47,0],"295":[47,0],"296":[47,0],"297":[3,45],"298":[48,46],"299":[2,1],"300":[3,0],"301":[0,3],"302":[46,2],"303":[1,45],"304":[1,47],"305":[1,0],"306":[5,0],"307":[5,5],"308":[24,5],"309":[24,0],"310":[0,0],"311":[51,0],"312":[51,51],"313":[51,0],"314":[51,0],"315":[9,33],"316":[42,42],"317":[0,1],"318":[1,0],"319":[0,0],"320":[0,0],"321":[2,1],"322":[0,7],"323":[0,7],"324":[0,7],"325":[0,7],"326":[0,7],"327":[0,7],"328":[0,0],"329":[0,0],"330":[7,7,0,0],"331":[7,0],"332":[7,0],"333":[7,0],"334":[1,6],"335":[6,0],"336":[1,0,0,0,0],"337":[0,1],"338":[1,0],"339":[6,6,6],"340":[7,0],"341":[6,0],"342":[0,0],"343":[0,0],"344":[6,3],"345":[6,0],"346":[0,6],"347":[6,0],"348":[103,57],"349":[160,160],"350":[97,2],"351":[22,77],"352":[0,22],"353":[19,58],"354":[77,77],"355":[5,72],"356":[11,88],"357":[1,10],"358":[1,0],"359":[0,11],"360":[0,0],"361":[5],"362":[0,5]},"_coverageSchema":"332fd63041d2c1bcb487cc26dd0d5f7d97098a6c","hash":"1e4b85c11ab89151d7bcc2121960ece17799284a","contentHash":"ba2c97b8ecb31e855e27b408875f5e87_10.0.0"},"/Users/jimdebeer/Desktop/brisky/brisky-render/trigger.js":{"path":"/Users/jimdebeer/Desktop/brisky/brisky-render/trigger.js","statementMap":{"0":{"start":{"line":1,"column":0},"end":{"line":6,"column":1}},"1":{"start":{"line":2,"column":2},"end":{"line":5,"column":3}}},"fnMap":{"0":{"name":"(anonymous_0)","decl":{"start":{"line":1,"column":17},"end":{"line":1,"column":18}},"loc":{"start":{"line":1,"column":33},"end":{"line":6,"column":1}}}},"branchMap":{"0":{"loc":{"start":{"line":2,"column":21},"end":{"line":4,"column":47}},"type":"cond-expr","locations":[{"start":{"line":3,"column":6},"end":{"line":3,"column":10}},{"start":{"line":4,"column":6},"end":{"line":4,"column":47}}]}},"s":{"0":1,"1":7},"f":{"0":7},"b":{"0":[0,7]},"_coverageSchema":"332fd63041d2c1bcb487cc26dd0d5f7d97098a6c","hash":"022bf181c57b6ebbecde9e27ba87c635fa49722c","contentHash":"0552e502759d579e8673662a1dc9bd9d_10.0.0"}}